2025-03-13 00:00:02,955 [ERROR] LogOutputStream:75 - [STDERR_REDIRECT] Mar 13, 2025 12:00:02 AM java.util.prefs.FileSystemPreferences checkLockFile0ErrorCode
2025-03-13 00:00:02,971 [ERROR] LogOutputStream:75 - [STDERR_REDIRECT] WARNING: Could not lock System prefs. Unix error code 2.
2025-03-13 00:00:02,971 [ERROR] LogOutputStream:75 - [STDERR_REDIRECT] 
2025-03-13 00:00:02,972 [ERROR] LogOutputStream:75 - [STDERR_REDIRECT] Mar 13, 2025 12:00:02 AM java.util.prefs.FileSystemPreferences syncWorld
2025-03-13 00:00:02,972 [ERROR] LogOutputStream:75 - [STDERR_REDIRECT] WARNING: Couldn't flush system prefs: java.util.prefs.BackingStoreException: Couldn't get file lock.
2025-03-13 00:00:02,972 [ERROR] LogOutputStream:75 - [STDERR_REDIRECT] 
2025-03-13 00:00:32,959 [ERROR] LogOutputStream:75 - [STDERR_REDIRECT] Mar 13, 2025 12:00:32 AM java.util.prefs.FileSystemPreferences checkLockFile0ErrorCode
2025-03-13 00:00:32,967 [ERROR] LogOutputStream:75 - [STDERR_REDIRECT] WARNING: Could not lock System prefs. Unix error code 2.
2025-03-13 00:00:32,967 [ERROR] LogOutputStream:75 - [STDERR_REDIRECT] 
2025-03-13 00:00:32,968 [ERROR] LogOutputStream:75 - [STDERR_REDIRECT] Mar 13, 2025 12:00:32 AM java.util.prefs.FileSystemPreferences syncWorld
2025-03-13 00:00:32,968 [ERROR] LogOutputStream:75 - [STDERR_REDIRECT] WARNING: Couldn't flush system prefs: java.util.prefs.BackingStoreException: Couldn't get file lock.
2025-03-13 00:00:32,968 [ERROR] LogOutputStream:75 - [STDERR_REDIRECT] 
2025-03-13 00:01:02,947 [ERROR] LogOutputStream:75 - [STDERR_REDIRECT] Mar 13, 2025 12:01:02 AM java.util.prefs.FileSystemPreferences checkLockFile0ErrorCode
2025-03-13 00:01:02,947 [ERROR] LogOutputStream:75 - [STDERR_REDIRECT] WARNING: Could not lock System prefs. Unix error code 2.
2025-03-13 00:01:02,948 [ERROR] LogOutputStream:75 - [STDERR_REDIRECT] 
2025-03-13 00:01:02,948 [ERROR] LogOutputStream:75 - [STDERR_REDIRECT] Mar 13, 2025 12:01:02 AM java.util.prefs.FileSystemPreferences syncWorld
2025-03-13 00:01:02,948 [ERROR] LogOutputStream:75 - [STDERR_REDIRECT] WARNING: Couldn't flush system prefs: java.util.prefs.BackingStoreException: Couldn't get file lock.
2025-03-13 00:01:02,948 [ERROR] LogOutputStream:75 - [STDERR_REDIRECT] 
2025-03-13 00:01:32,947 [ERROR] LogOutputStream:75 - [STDERR_REDIRECT] Mar 13, 2025 12:01:32 AM java.util.prefs.FileSystemPreferences checkLockFile0ErrorCode
2025-03-13 00:01:32,955 [ERROR] LogOutputStream:75 - [STDERR_REDIRECT] WARNING: Could not lock System prefs. Unix error code 2.
2025-03-13 00:01:32,956 [ERROR] LogOutputStream:75 - [STDERR_REDIRECT] 
2025-03-13 00:01:32,956 [ERROR] LogOutputStream:75 - [STDERR_REDIRECT] Mar 13, 2025 12:01:32 AM java.util.prefs.FileSystemPreferences syncWorld
2025-03-13 00:01:32,956 [ERROR] LogOutputStream:75 - [STDERR_REDIRECT] WARNING: Couldn't flush system prefs: java.util.prefs.BackingStoreException: Couldn't get file lock.
2025-03-13 00:01:32,956 [ERROR] LogOutputStream:75 - [STDERR_REDIRECT] 
2025-03-13 00:02:02,947 [ERROR] LogOutputStream:75 - [STDERR_REDIRECT] Mar 13, 2025 12:02:02 AM java.util.prefs.FileSystemPreferences checkLockFile0ErrorCode
2025-03-13 00:02:02,947 [ERROR] LogOutputStream:75 - [STDERR_REDIRECT] WARNING: Could not lock System prefs. Unix error code 2.
2025-03-13 00:02:02,947 [ERROR] LogOutputStream:75 - [STDERR_REDIRECT] 
2025-03-13 00:02:02,947 [ERROR] LogOutputStream:75 - [STDERR_REDIRECT] Mar 13, 2025 12:02:02 AM java.util.prefs.FileSystemPreferences syncWorld
2025-03-13 00:02:02,947 [ERROR] LogOutputStream:75 - [STDERR_REDIRECT] WARNING: Couldn't flush system prefs: java.util.prefs.BackingStoreException: Couldn't get file lock.
2025-03-13 00:02:02,947 [ERROR] LogOutputStream:75 - [STDERR_REDIRECT] 
2025-03-13 00:02:32,958 [ERROR] LogOutputStream:75 - [STDERR_REDIRECT] Mar 13, 2025 12:02:32 AM java.util.prefs.FileSystemPreferences checkLockFile0ErrorCode
2025-03-13 00:02:32,965 [ERROR] LogOutputStream:75 - [STDERR_REDIRECT] WARNING: Could not lock System prefs. Unix error code 2.
2025-03-13 00:02:32,965 [ERROR] LogOutputStream:75 - [STDERR_REDIRECT] 
2025-03-13 00:02:32,966 [ERROR] LogOutputStream:75 - [STDERR_REDIRECT] Mar 13, 2025 12:02:32 AM java.util.prefs.FileSystemPreferences syncWorld
2025-03-13 00:02:32,966 [ERROR] LogOutputStream:75 - [STDERR_REDIRECT] WARNING: Couldn't flush system prefs: java.util.prefs.BackingStoreException: Couldn't get file lock.
2025-03-13 00:02:32,966 [ERROR] LogOutputStream:75 - [STDERR_REDIRECT] 
2025-03-13 00:03:02,950 [ERROR] LogOutputStream:75 - [STDERR_REDIRECT] Mar 13, 2025 12:03:02 AM java.util.prefs.FileSystemPreferences checkLockFile0ErrorCode
2025-03-13 00:03:02,950 [ERROR] LogOutputStream:75 - [STDERR_REDIRECT] WARNING: Could not lock System prefs. Unix error code 2.
2025-03-13 00:03:02,950 [ERROR] LogOutputStream:75 - [STDERR_REDIRECT] 
2025-03-13 00:03:02,950 [ERROR] LogOutputStream:75 - [STDERR_REDIRECT] Mar 13, 2025 12:03:02 AM java.util.prefs.FileSystemPreferences syncWorld
2025-03-13 00:03:02,951 [ERROR] LogOutputStream:75 - [STDERR_REDIRECT] WARNING: Couldn't flush system prefs: java.util.prefs.BackingStoreException: Couldn't get file lock.
2025-03-13 00:03:02,951 [ERROR] LogOutputStream:75 - [STDERR_REDIRECT] 
2025-03-13 00:03:32,957 [ERROR] LogOutputStream:75 - [STDERR_REDIRECT] Mar 13, 2025 12:03:32 AM java.util.prefs.FileSystemPreferences checkLockFile0ErrorCode
2025-03-13 00:03:32,965 [ERROR] LogOutputStream:75 - [STDERR_REDIRECT] WARNING: Could not lock System prefs. Unix error code 2.
2025-03-13 00:03:32,965 [ERROR] LogOutputStream:75 - [STDERR_REDIRECT] 
2025-03-13 00:03:32,966 [ERROR] LogOutputStream:75 - [STDERR_REDIRECT] Mar 13, 2025 12:03:32 AM java.util.prefs.FileSystemPreferences syncWorld
2025-03-13 00:03:32,966 [ERROR] LogOutputStream:75 - [STDERR_REDIRECT] WARNING: Couldn't flush system prefs: java.util.prefs.BackingStoreException: Couldn't get file lock.
2025-03-13 00:03:32,966 [ERROR] LogOutputStream:75 - [STDERR_REDIRECT] 
2025-03-13 00:04:02,948 [ERROR] LogOutputStream:75 - [STDERR_REDIRECT] Mar 13, 2025 12:04:02 AM java.util.prefs.FileSystemPreferences checkLockFile0ErrorCode
2025-03-13 00:04:02,948 [ERROR] LogOutputStream:75 - [STDERR_REDIRECT] WARNING: Could not lock System prefs. Unix error code 2.
2025-03-13 00:04:02,948 [ERROR] LogOutputStream:75 - [STDERR_REDIRECT] 
2025-03-13 00:04:02,948 [ERROR] LogOutputStream:75 - [STDERR_REDIRECT] Mar 13, 2025 12:04:02 AM java.util.prefs.FileSystemPreferences syncWorld
2025-03-13 00:04:02,948 [ERROR] LogOutputStream:75 - [STDERR_REDIRECT] WARNING: Couldn't flush system prefs: java.util.prefs.BackingStoreException: Couldn't get file lock.
2025-03-13 00:04:02,948 [ERROR] LogOutputStream:75 - [STDERR_REDIRECT] 
2025-03-13 00:04:32,951 [ERROR] LogOutputStream:75 - [STDERR_REDIRECT] Mar 13, 2025 12:04:32 AM java.util.prefs.FileSystemPreferences checkLockFile0ErrorCode
2025-03-13 00:04:32,951 [ERROR] LogOutputStream:75 - [STDERR_REDIRECT] WARNING: Could not lock System prefs. Unix error code 2.
2025-03-13 00:04:32,951 [ERROR] LogOutputStream:75 - [STDERR_REDIRECT] 
2025-03-13 00:04:32,951 [ERROR] LogOutputStream:75 - [STDERR_REDIRECT] Mar 13, 2025 12:04:32 AM java.util.prefs.FileSystemPreferences syncWorld
2025-03-13 00:04:32,951 [ERROR] LogOutputStream:75 - [STDERR_REDIRECT] WARNING: Couldn't flush system prefs: java.util.prefs.BackingStoreException: Couldn't get file lock.
2025-03-13 00:04:32,951 [ERROR] LogOutputStream:75 - [STDERR_REDIRECT] 
2025-03-13 00:05:02,952 [ERROR] LogOutputStream:75 - [STDERR_REDIRECT] Mar 13, 2025 12:05:02 AM java.util.prefs.FileSystemPreferences checkLockFile0ErrorCode
2025-03-13 00:05:02,952 [ERROR] LogOutputStream:75 - [STDERR_REDIRECT] WARNING: Could not lock System prefs. Unix error code 2.
2025-03-13 00:05:02,952 [ERROR] LogOutputStream:75 - [STDERR_REDIRECT] 
2025-03-13 00:05:02,952 [ERROR] LogOutputStream:75 - [STDERR_REDIRECT] Mar 13, 2025 12:05:02 AM java.util.prefs.FileSystemPreferences syncWorld
2025-03-13 00:05:02,952 [ERROR] LogOutputStream:75 - [STDERR_REDIRECT] WARNING: Couldn't flush system prefs: java.util.prefs.BackingStoreException: Couldn't get file lock.
2025-03-13 00:05:02,953 [ERROR] LogOutputStream:75 - [STDERR_REDIRECT] 
2025-03-13 00:05:32,950 [ERROR] LogOutputStream:75 - [STDERR_REDIRECT] Mar 13, 2025 12:05:32 AM java.util.prefs.FileSystemPreferences checkLockFile0ErrorCode
2025-03-13 00:05:32,950 [ERROR] LogOutputStream:75 - [STDERR_REDIRECT] WARNING: Could not lock System prefs. Unix error code 2.
2025-03-13 00:05:32,950 [ERROR] LogOutputStream:75 - [STDERR_REDIRECT] 
2025-03-13 00:05:32,951 [ERROR] LogOutputStream:75 - [STDERR_REDIRECT] Mar 13, 2025 12:05:32 AM java.util.prefs.FileSystemPreferences syncWorld
2025-03-13 00:05:32,959 [ERROR] LogOutputStream:75 - [STDERR_REDIRECT] WARNING: Couldn't flush system prefs: java.util.prefs.BackingStoreException: Couldn't get file lock.
2025-03-13 00:05:32,959 [ERROR] LogOutputStream:75 - [STDERR_REDIRECT] 
2025-03-13 00:06:02,952 [ERROR] LogOutputStream:75 - [STDERR_REDIRECT] Mar 13, 2025 12:06:02 AM java.util.prefs.FileSystemPreferences checkLockFile0ErrorCode
2025-03-13 00:06:02,952 [ERROR] LogOutputStream:75 - [STDERR_REDIRECT] WARNING: Could not lock System prefs. Unix error code 2.
2025-03-13 00:06:02,952 [ERROR] LogOutputStream:75 - [STDERR_REDIRECT] 
2025-03-13 00:06:02,953 [ERROR] LogOutputStream:75 - [STDERR_REDIRECT] Mar 13, 2025 12:06:02 AM java.util.prefs.FileSystemPreferences syncWorld
2025-03-13 00:06:02,953 [ERROR] LogOutputStream:75 - [STDERR_REDIRECT] WARNING: Couldn't flush system prefs: java.util.prefs.BackingStoreException: Couldn't get file lock.
2025-03-13 00:06:02,953 [ERROR] LogOutputStream:75 - [STDERR_REDIRECT] 
2025-03-13 00:06:32,951 [ERROR] LogOutputStream:75 - [STDERR_REDIRECT] Mar 13, 2025 12:06:32 AM java.util.prefs.FileSystemPreferences checkLockFile0ErrorCode
2025-03-13 00:06:32,951 [ERROR] LogOutputStream:75 - [STDERR_REDIRECT] WARNING: Could not lock System prefs. Unix error code 2.
2025-03-13 00:06:32,951 [ERROR] LogOutputStream:75 - [STDERR_REDIRECT] 
2025-03-13 00:06:32,951 [ERROR] LogOutputStream:75 - [STDERR_REDIRECT] Mar 13, 2025 12:06:32 AM java.util.prefs.FileSystemPreferences syncWorld
2025-03-13 00:06:32,951 [ERROR] LogOutputStream:75 - [STDERR_REDIRECT] WARNING: Couldn't flush system prefs: java.util.prefs.BackingStoreException: Couldn't get file lock.
2025-03-13 00:06:32,951 [ERROR] LogOutputStream:75 - [STDERR_REDIRECT] 
2025-03-13 00:07:02,950 [ERROR] LogOutputStream:75 - [STDERR_REDIRECT] Mar 13, 2025 12:07:02 AM java.util.prefs.FileSystemPreferences checkLockFile0ErrorCode
2025-03-13 00:07:02,951 [ERROR] LogOutputStream:75 - [STDERR_REDIRECT] WARNING: Could not lock System prefs. Unix error code 2.
2025-03-13 00:07:02,951 [ERROR] LogOutputStream:75 - [STDERR_REDIRECT] 
2025-03-13 00:07:02,951 [ERROR] LogOutputStream:75 - [STDERR_REDIRECT] Mar 13, 2025 12:07:02 AM java.util.prefs.FileSystemPreferences syncWorld
2025-03-13 00:07:02,951 [ERROR] LogOutputStream:75 - [STDERR_REDIRECT] WARNING: Couldn't flush system prefs: java.util.prefs.BackingStoreException: Couldn't get file lock.
2025-03-13 00:07:02,951 [ERROR] LogOutputStream:75 - [STDERR_REDIRECT] 
2025-03-13 00:07:32,950 [ERROR] LogOutputStream:75 - [STDERR_REDIRECT] Mar 13, 2025 12:07:32 AM java.util.prefs.FileSystemPreferences checkLockFile0ErrorCode
2025-03-13 00:07:32,950 [ERROR] LogOutputStream:75 - [STDERR_REDIRECT] WARNING: Could not lock System prefs. Unix error code 2.
2025-03-13 00:07:32,950 [ERROR] LogOutputStream:75 - [STDERR_REDIRECT] 
2025-03-13 00:07:32,950 [ERROR] LogOutputStream:75 - [STDERR_REDIRECT] Mar 13, 2025 12:07:32 AM java.util.prefs.FileSystemPreferences syncWorld
2025-03-13 00:07:32,951 [ERROR] LogOutputStream:75 - [STDERR_REDIRECT] WARNING: Couldn't flush system prefs: java.util.prefs.BackingStoreException: Couldn't get file lock.
2025-03-13 00:07:32,951 [ERROR] LogOutputStream:75 - [STDERR_REDIRECT] 
2025-03-13 00:08:02,950 [ERROR] LogOutputStream:75 - [STDERR_REDIRECT] Mar 13, 2025 12:08:02 AM java.util.prefs.FileSystemPreferences checkLockFile0ErrorCode
2025-03-13 00:08:02,951 [ERROR] LogOutputStream:75 - [STDERR_REDIRECT] WARNING: Could not lock System prefs. Unix error code 2.
2025-03-13 00:08:02,951 [ERROR] LogOutputStream:75 - [STDERR_REDIRECT] 
2025-03-13 00:08:02,951 [ERROR] LogOutputStream:75 - [STDERR_REDIRECT] Mar 13, 2025 12:08:02 AM java.util.prefs.FileSystemPreferences syncWorld
2025-03-13 00:08:02,951 [ERROR] LogOutputStream:75 - [STDERR_REDIRECT] WARNING: Couldn't flush system prefs: java.util.prefs.BackingStoreException: Couldn't get file lock.
2025-03-13 00:08:02,951 [ERROR] LogOutputStream:75 - [STDERR_REDIRECT] 
2025-03-13 00:08:32,959 [ERROR] LogOutputStream:75 - [STDERR_REDIRECT] Mar 13, 2025 12:08:32 AM java.util.prefs.FileSystemPreferences checkLockFile0ErrorCode
2025-03-13 00:08:32,960 [ERROR] LogOutputStream:75 - [STDERR_REDIRECT] WARNING: Could not lock System prefs. Unix error code 2.
2025-03-13 00:08:32,960 [ERROR] LogOutputStream:75 - [STDERR_REDIRECT] 
2025-03-13 00:08:32,960 [ERROR] LogOutputStream:75 - [STDERR_REDIRECT] Mar 13, 2025 12:08:32 AM java.util.prefs.FileSystemPreferences syncWorld
2025-03-13 00:08:32,960 [ERROR] LogOutputStream:75 - [STDERR_REDIRECT] WARNING: Couldn't flush system prefs: java.util.prefs.BackingStoreException: Couldn't get file lock.
2025-03-13 00:08:32,960 [ERROR] LogOutputStream:75 - [STDERR_REDIRECT] 
2025-03-13 00:09:02,952 [ERROR] LogOutputStream:75 - [STDERR_REDIRECT] Mar 13, 2025 12:09:02 AM java.util.prefs.FileSystemPreferences checkLockFile0ErrorCode
2025-03-13 00:09:02,952 [ERROR] LogOutputStream:75 - [STDERR_REDIRECT] WARNING: Could not lock System prefs. Unix error code 2.
2025-03-13 00:09:02,952 [ERROR] LogOutputStream:75 - [STDERR_REDIRECT] 
2025-03-13 00:09:02,953 [ERROR] LogOutputStream:75 - [STDERR_REDIRECT] Mar 13, 2025 12:09:02 AM java.util.prefs.FileSystemPreferences syncWorld
2025-03-13 00:09:02,953 [ERROR] LogOutputStream:75 - [STDERR_REDIRECT] WARNING: Couldn't flush system prefs: java.util.prefs.BackingStoreException: Couldn't get file lock.
2025-03-13 00:09:02,953 [ERROR] LogOutputStream:75 - [STDERR_REDIRECT] 
2025-03-13 00:09:32,951 [ERROR] LogOutputStream:75 - [STDERR_REDIRECT] Mar 13, 2025 12:09:32 AM java.util.prefs.FileSystemPreferences checkLockFile0ErrorCode
2025-03-13 00:09:32,951 [ERROR] LogOutputStream:75 - [STDERR_REDIRECT] WARNING: Could not lock System prefs. Unix error code 2.
2025-03-13 00:09:32,951 [ERROR] LogOutputStream:75 - [STDERR_REDIRECT] 
2025-03-13 00:09:32,951 [ERROR] LogOutputStream:75 - [STDERR_REDIRECT] Mar 13, 2025 12:09:32 AM java.util.prefs.FileSystemPreferences syncWorld
2025-03-13 00:09:32,951 [ERROR] LogOutputStream:75 - [STDERR_REDIRECT] WARNING: Couldn't flush system prefs: java.util.prefs.BackingStoreException: Couldn't get file lock.
2025-03-13 00:09:32,951 [ERROR] LogOutputStream:75 - [STDERR_REDIRECT] 
2025-03-13 00:10:02,951 [ERROR] LogOutputStream:75 - [STDERR_REDIRECT] Mar 13, 2025 12:10:02 AM java.util.prefs.FileSystemPreferences checkLockFile0ErrorCode
2025-03-13 00:10:02,951 [ERROR] LogOutputStream:75 - [STDERR_REDIRECT] WARNING: Could not lock System prefs. Unix error code 2.
2025-03-13 00:10:02,959 [ERROR] LogOutputStream:75 - [STDERR_REDIRECT] 
2025-03-13 00:10:02,959 [ERROR] LogOutputStream:75 - [STDERR_REDIRECT] Mar 13, 2025 12:10:02 AM java.util.prefs.FileSystemPreferences syncWorld
2025-03-13 00:10:02,959 [ERROR] LogOutputStream:75 - [STDERR_REDIRECT] WARNING: Couldn't flush system prefs: java.util.prefs.BackingStoreException: Couldn't get file lock.
2025-03-13 00:10:02,959 [ERROR] LogOutputStream:75 - [STDERR_REDIRECT] 
2025-03-13 00:10:32,951 [ERROR] LogOutputStream:75 - [STDERR_REDIRECT] Mar 13, 2025 12:10:32 AM java.util.prefs.FileSystemPreferences checkLockFile0ErrorCode
2025-03-13 00:10:32,952 [ERROR] LogOutputStream:75 - [STDERR_REDIRECT] WARNING: Could not lock System prefs. Unix error code 2.
2025-03-13 00:10:32,952 [ERROR] LogOutputStream:75 - [STDERR_REDIRECT] 
2025-03-13 00:10:32,952 [ERROR] LogOutputStream:75 - [STDERR_REDIRECT] Mar 13, 2025 12:10:32 AM java.util.prefs.FileSystemPreferences syncWorld
2025-03-13 00:10:32,952 [ERROR] LogOutputStream:75 - [STDERR_REDIRECT] WARNING: Couldn't flush system prefs: java.util.prefs.BackingStoreException: Couldn't get file lock.
2025-03-13 00:10:32,952 [ERROR] LogOutputStream:75 - [STDERR_REDIRECT] 
2025-03-13 00:11:02,951 [ERROR] LogOutputStream:75 - [STDERR_REDIRECT] Mar 13, 2025 12:11:02 AM java.util.prefs.FileSystemPreferences checkLockFile0ErrorCode
2025-03-13 00:11:02,952 [ERROR] LogOutputStream:75 - [STDERR_REDIRECT] WARNING: Could not lock System prefs. Unix error code 2.
2025-03-13 00:11:02,952 [ERROR] LogOutputStream:75 - [STDERR_REDIRECT] 
2025-03-13 00:11:02,952 [ERROR] LogOutputStream:75 - [STDERR_REDIRECT] Mar 13, 2025 12:11:02 AM java.util.prefs.FileSystemPreferences syncWorld
2025-03-13 00:11:02,952 [ERROR] LogOutputStream:75 - [STDERR_REDIRECT] WARNING: Couldn't flush system prefs: java.util.prefs.BackingStoreException: Couldn't get file lock.
2025-03-13 00:11:02,952 [ERROR] LogOutputStream:75 - [STDERR_REDIRECT] 
2025-03-13 00:11:32,953 [ERROR] LogOutputStream:75 - [STDERR_REDIRECT] Mar 13, 2025 12:11:32 AM java.util.prefs.FileSystemPreferences checkLockFile0ErrorCode
2025-03-13 00:11:32,953 [ERROR] LogOutputStream:75 - [STDERR_REDIRECT] WARNING: Could not lock System prefs. Unix error code 2.
2025-03-13 00:11:32,953 [ERROR] LogOutputStream:75 - [STDERR_REDIRECT] 
2025-03-13 00:11:32,953 [ERROR] LogOutputStream:75 - [STDERR_REDIRECT] Mar 13, 2025 12:11:32 AM java.util.prefs.FileSystemPreferences syncWorld
2025-03-13 00:11:32,953 [ERROR] LogOutputStream:75 - [STDERR_REDIRECT] WARNING: Couldn't flush system prefs: java.util.prefs.BackingStoreException: Couldn't get file lock.
2025-03-13 00:11:32,954 [ERROR] LogOutputStream:75 - [STDERR_REDIRECT] 
2025-03-13 00:12:02,951 [ERROR] LogOutputStream:75 - [STDERR_REDIRECT] Mar 13, 2025 12:12:02 AM java.util.prefs.FileSystemPreferences checkLockFile0ErrorCode
2025-03-13 00:12:02,951 [ERROR] LogOutputStream:75 - [STDERR_REDIRECT] WARNING: Could not lock System prefs. Unix error code 2.
2025-03-13 00:12:02,951 [ERROR] LogOutputStream:75 - [STDERR_REDIRECT] 
2025-03-13 00:12:02,952 [ERROR] LogOutputStream:75 - [STDERR_REDIRECT] Mar 13, 2025 12:12:02 AM java.util.prefs.FileSystemPreferences syncWorld
2025-03-13 00:12:02,952 [ERROR] LogOutputStream:75 - [STDERR_REDIRECT] WARNING: Couldn't flush system prefs: java.util.prefs.BackingStoreException: Couldn't get file lock.
2025-03-13 00:12:02,952 [ERROR] LogOutputStream:75 - [STDERR_REDIRECT] 
2025-03-13 00:12:32,952 [ERROR] LogOutputStream:75 - [STDERR_REDIRECT] Mar 13, 2025 12:12:32 AM java.util.prefs.FileSystemPreferences checkLockFile0ErrorCode
2025-03-13 00:12:32,952 [ERROR] LogOutputStream:75 - [STDERR_REDIRECT] WARNING: Could not lock System prefs. Unix error code 2.
2025-03-13 00:12:32,952 [ERROR] LogOutputStream:75 - [STDERR_REDIRECT] 
2025-03-13 00:12:32,953 [ERROR] LogOutputStream:75 - [STDERR_REDIRECT] Mar 13, 2025 12:12:32 AM java.util.prefs.FileSystemPreferences syncWorld
2025-03-13 00:12:32,953 [ERROR] LogOutputStream:75 - [STDERR_REDIRECT] WARNING: Couldn't flush system prefs: java.util.prefs.BackingStoreException: Couldn't get file lock.
2025-03-13 00:12:32,953 [ERROR] LogOutputStream:75 - [STDERR_REDIRECT] 
2025-03-13 00:13:02,969 [ERROR] LogOutputStream:75 - [STDERR_REDIRECT] Mar 13, 2025 12:13:02 AM java.util.prefs.FileSystemPreferences checkLockFile0ErrorCode
2025-03-13 00:13:02,977 [ERROR] LogOutputStream:75 - [STDERR_REDIRECT] WARNING: Could not lock System prefs. Unix error code 2.
2025-03-13 00:13:02,977 [ERROR] LogOutputStream:75 - [STDERR_REDIRECT] 
2025-03-13 00:13:02,978 [ERROR] LogOutputStream:75 - [STDERR_REDIRECT] Mar 13, 2025 12:13:02 AM java.util.prefs.FileSystemPreferences syncWorld
2025-03-13 00:13:02,978 [ERROR] LogOutputStream:75 - [STDERR_REDIRECT] WARNING: Couldn't flush system prefs: java.util.prefs.BackingStoreException: Couldn't get file lock.
2025-03-13 00:13:02,978 [ERROR] LogOutputStream:75 - [STDERR_REDIRECT] 
2025-03-13 00:13:32,952 [ERROR] LogOutputStream:75 - [STDERR_REDIRECT] Mar 13, 2025 12:13:32 AM java.util.prefs.FileSystemPreferences checkLockFile0ErrorCode
2025-03-13 00:13:32,952 [ERROR] LogOutputStream:75 - [STDERR_REDIRECT] WARNING: Could not lock System prefs. Unix error code 2.
2025-03-13 00:13:32,952 [ERROR] LogOutputStream:75 - [STDERR_REDIRECT] 
2025-03-13 00:13:32,952 [ERROR] LogOutputStream:75 - [STDERR_REDIRECT] Mar 13, 2025 12:13:32 AM java.util.prefs.FileSystemPreferences syncWorld
2025-03-13 00:13:32,953 [ERROR] LogOutputStream:75 - [STDERR_REDIRECT] WARNING: Couldn't flush system prefs: java.util.prefs.BackingStoreException: Couldn't get file lock.
2025-03-13 00:13:32,953 [ERROR] LogOutputStream:75 - [STDERR_REDIRECT] 
2025-03-13 00:14:02,952 [ERROR] LogOutputStream:75 - [STDERR_REDIRECT] Mar 13, 2025 12:14:02 AM java.util.prefs.FileSystemPreferences checkLockFile0ErrorCode
2025-03-13 00:14:02,952 [ERROR] LogOutputStream:75 - [STDERR_REDIRECT] WARNING: Could not lock System prefs. Unix error code 2.
2025-03-13 00:14:02,952 [ERROR] LogOutputStream:75 - [STDERR_REDIRECT] 
2025-03-13 00:14:02,953 [ERROR] LogOutputStream:75 - [STDERR_REDIRECT] Mar 13, 2025 12:14:02 AM java.util.prefs.FileSystemPreferences syncWorld
2025-03-13 00:14:02,953 [ERROR] LogOutputStream:75 - [STDERR_REDIRECT] WARNING: Couldn't flush system prefs: java.util.prefs.BackingStoreException: Couldn't get file lock.
2025-03-13 00:14:02,953 [ERROR] LogOutputStream:75 - [STDERR_REDIRECT] 
2025-03-13 00:14:32,961 [ERROR] LogOutputStream:75 - [STDERR_REDIRECT] Mar 13, 2025 12:14:32 AM java.util.prefs.FileSystemPreferences checkLockFile0ErrorCode
2025-03-13 00:14:32,961 [ERROR] LogOutputStream:75 - [STDERR_REDIRECT] WARNING: Could not lock System prefs. Unix error code 2.
2025-03-13 00:14:32,961 [ERROR] LogOutputStream:75 - [STDERR_REDIRECT] 
2025-03-13 00:14:32,962 [ERROR] LogOutputStream:75 - [STDERR_REDIRECT] Mar 13, 2025 12:14:32 AM java.util.prefs.FileSystemPreferences syncWorld
2025-03-13 00:14:32,962 [ERROR] LogOutputStream:75 - [STDERR_REDIRECT] WARNING: Couldn't flush system prefs: java.util.prefs.BackingStoreException: Couldn't get file lock.
2025-03-13 00:14:32,962 [ERROR] LogOutputStream:75 - [STDERR_REDIRECT] 
2025-03-13 00:15:02,952 [ERROR] LogOutputStream:75 - [STDERR_REDIRECT] Mar 13, 2025 12:15:02 AM java.util.prefs.FileSystemPreferences checkLockFile0ErrorCode
2025-03-13 00:15:02,952 [ERROR] LogOutputStream:75 - [STDERR_REDIRECT] WARNING: Could not lock System prefs. Unix error code 2.
2025-03-13 00:15:02,952 [ERROR] LogOutputStream:75 - [STDERR_REDIRECT] 
2025-03-13 00:15:02,953 [ERROR] LogOutputStream:75 - [STDERR_REDIRECT] Mar 13, 2025 12:15:02 AM java.util.prefs.FileSystemPreferences syncWorld
2025-03-13 00:15:02,953 [ERROR] LogOutputStream:75 - [STDERR_REDIRECT] WARNING: Couldn't flush system prefs: java.util.prefs.BackingStoreException: Couldn't get file lock.
2025-03-13 00:15:02,953 [ERROR] LogOutputStream:75 - [STDERR_REDIRECT] 
2025-03-13 00:15:32,964 [ERROR] LogOutputStream:75 - [STDERR_REDIRECT] Mar 13, 2025 12:15:32 AM java.util.prefs.FileSystemPreferences checkLockFile0ErrorCode
2025-03-13 00:15:32,972 [ERROR] LogOutputStream:75 - [STDERR_REDIRECT] WARNING: Could not lock System prefs. Unix error code 2.
2025-03-13 00:15:32,972 [ERROR] LogOutputStream:75 - [STDERR_REDIRECT] 
2025-03-13 00:15:32,972 [ERROR] LogOutputStream:75 - [STDERR_REDIRECT] Mar 13, 2025 12:15:32 AM java.util.prefs.FileSystemPreferences syncWorld
2025-03-13 00:15:32,972 [ERROR] LogOutputStream:75 - [STDERR_REDIRECT] WARNING: Couldn't flush system prefs: java.util.prefs.BackingStoreException: Couldn't get file lock.
2025-03-13 00:15:32,972 [ERROR] LogOutputStream:75 - [STDERR_REDIRECT] 
2025-03-13 00:16:02,952 [ERROR] LogOutputStream:75 - [STDERR_REDIRECT] Mar 13, 2025 12:16:02 AM java.util.prefs.FileSystemPreferences checkLockFile0ErrorCode
2025-03-13 00:16:02,960 [ERROR] LogOutputStream:75 - [STDERR_REDIRECT] WARNING: Could not lock System prefs. Unix error code 2.
2025-03-13 00:16:02,960 [ERROR] LogOutputStream:75 - [STDERR_REDIRECT] 
2025-03-13 00:16:02,960 [ERROR] LogOutputStream:75 - [STDERR_REDIRECT] Mar 13, 2025 12:16:02 AM java.util.prefs.FileSystemPreferences syncWorld
2025-03-13 00:16:02,960 [ERROR] LogOutputStream:75 - [STDERR_REDIRECT] WARNING: Couldn't flush system prefs: java.util.prefs.BackingStoreException: Couldn't get file lock.
2025-03-13 00:16:02,960 [ERROR] LogOutputStream:75 - [STDERR_REDIRECT] 
2025-03-13 00:16:32,953 [ERROR] LogOutputStream:75 - [STDERR_REDIRECT] Mar 13, 2025 12:16:32 AM java.util.prefs.FileSystemPreferences checkLockFile0ErrorCode
2025-03-13 00:16:32,953 [ERROR] LogOutputStream:75 - [STDERR_REDIRECT] WARNING: Could not lock System prefs. Unix error code 2.
2025-03-13 00:16:32,953 [ERROR] LogOutputStream:75 - [STDERR_REDIRECT] 
2025-03-13 00:16:32,953 [ERROR] LogOutputStream:75 - [STDERR_REDIRECT] Mar 13, 2025 12:16:32 AM java.util.prefs.FileSystemPreferences syncWorld
2025-03-13 00:16:32,953 [ERROR] LogOutputStream:75 - [STDERR_REDIRECT] WARNING: Couldn't flush system prefs: java.util.prefs.BackingStoreException: Couldn't get file lock.
2025-03-13 00:16:32,953 [ERROR] LogOutputStream:75 - [STDERR_REDIRECT] 
2025-03-13 00:17:02,954 [ERROR] LogOutputStream:75 - [STDERR_REDIRECT] Mar 13, 2025 12:17:02 AM java.util.prefs.FileSystemPreferences checkLockFile0ErrorCode
2025-03-13 00:17:02,954 [ERROR] LogOutputStream:75 - [STDERR_REDIRECT] WARNING: Could not lock System prefs. Unix error code 2.
2025-03-13 00:17:02,954 [ERROR] LogOutputStream:75 - [STDERR_REDIRECT] 
2025-03-13 00:17:02,954 [ERROR] LogOutputStream:75 - [STDERR_REDIRECT] Mar 13, 2025 12:17:02 AM java.util.prefs.FileSystemPreferences syncWorld
2025-03-13 00:17:02,954 [ERROR] LogOutputStream:75 - [STDERR_REDIRECT] WARNING: Couldn't flush system prefs: java.util.prefs.BackingStoreException: Couldn't get file lock.
2025-03-13 00:17:02,954 [ERROR] LogOutputStream:75 - [STDERR_REDIRECT] 
2025-03-13 00:17:32,954 [ERROR] LogOutputStream:75 - [STDERR_REDIRECT] Mar 13, 2025 12:17:32 AM java.util.prefs.FileSystemPreferences checkLockFile0ErrorCode
2025-03-13 00:17:32,955 [ERROR] LogOutputStream:75 - [STDERR_REDIRECT] WARNING: Could not lock System prefs. Unix error code 2.
2025-03-13 00:17:32,962 [ERROR] LogOutputStream:75 - [STDERR_REDIRECT] 
2025-03-13 00:17:32,962 [ERROR] LogOutputStream:75 - [STDERR_REDIRECT] Mar 13, 2025 12:17:32 AM java.util.prefs.FileSystemPreferences syncWorld
2025-03-13 00:17:32,963 [ERROR] LogOutputStream:75 - [STDERR_REDIRECT] WARNING: Couldn't flush system prefs: java.util.prefs.BackingStoreException: Couldn't get file lock.
2025-03-13 00:17:32,963 [ERROR] LogOutputStream:75 - [STDERR_REDIRECT] 
2025-03-13 00:18:02,957 [ERROR] LogOutputStream:75 - [STDERR_REDIRECT] Mar 13, 2025 12:18:02 AM java.util.prefs.FileSystemPreferences checkLockFile0ErrorCode
2025-03-13 00:18:02,959 [ERROR] LogOutputStream:75 - [STDERR_REDIRECT] WARNING: Could not lock System prefs. Unix error code 2.
2025-03-13 00:18:02,959 [ERROR] LogOutputStream:75 - [STDERR_REDIRECT] 
2025-03-13 00:18:02,960 [ERROR] LogOutputStream:75 - [STDERR_REDIRECT] Mar 13, 2025 12:18:02 AM java.util.prefs.FileSystemPreferences syncWorld
2025-03-13 00:18:02,961 [ERROR] LogOutputStream:75 - [STDERR_REDIRECT] WARNING: Couldn't flush system prefs: java.util.prefs.BackingStoreException: Couldn't get file lock.
2025-03-13 00:18:02,961 [ERROR] LogOutputStream:75 - [STDERR_REDIRECT] 
2025-03-13 00:18:32,956 [ERROR] LogOutputStream:75 - [STDERR_REDIRECT] Mar 13, 2025 12:18:32 AM java.util.prefs.FileSystemPreferences checkLockFile0ErrorCode
2025-03-13 00:18:32,956 [ERROR] LogOutputStream:75 - [STDERR_REDIRECT] WARNING: Could not lock System prefs. Unix error code 2.
2025-03-13 00:18:32,956 [ERROR] LogOutputStream:75 - [STDERR_REDIRECT] 
2025-03-13 00:18:32,957 [ERROR] LogOutputStream:75 - [STDERR_REDIRECT] Mar 13, 2025 12:18:32 AM java.util.prefs.FileSystemPreferences syncWorld
2025-03-13 00:18:32,957 [ERROR] LogOutputStream:75 - [STDERR_REDIRECT] WARNING: Couldn't flush system prefs: java.util.prefs.BackingStoreException: Couldn't get file lock.
2025-03-13 00:18:32,957 [ERROR] LogOutputStream:75 - [STDERR_REDIRECT] 
2025-03-13 00:19:02,956 [ERROR] LogOutputStream:75 - [STDERR_REDIRECT] Mar 13, 2025 12:19:02 AM java.util.prefs.FileSystemPreferences checkLockFile0ErrorCode
2025-03-13 00:19:02,956 [ERROR] LogOutputStream:75 - [STDERR_REDIRECT] WARNING: Could not lock System prefs. Unix error code 2.
2025-03-13 00:19:02,956 [ERROR] LogOutputStream:75 - [STDERR_REDIRECT] 
2025-03-13 00:19:02,956 [ERROR] LogOutputStream:75 - [STDERR_REDIRECT] Mar 13, 2025 12:19:02 AM java.util.prefs.FileSystemPreferences syncWorld
2025-03-13 00:19:02,956 [ERROR] LogOutputStream:75 - [STDERR_REDIRECT] WARNING: Couldn't flush system prefs: java.util.prefs.BackingStoreException: Couldn't get file lock.
2025-03-13 00:19:02,956 [ERROR] LogOutputStream:75 - [STDERR_REDIRECT] 
2025-03-13 00:19:32,957 [ERROR] LogOutputStream:75 - [STDERR_REDIRECT] Mar 13, 2025 12:19:32 AM java.util.prefs.FileSystemPreferences checkLockFile0ErrorCode
2025-03-13 00:19:32,957 [ERROR] LogOutputStream:75 - [STDERR_REDIRECT] WARNING: Could not lock System prefs. Unix error code 2.
2025-03-13 00:19:32,957 [ERROR] LogOutputStream:75 - [STDERR_REDIRECT] 
2025-03-13 00:19:32,957 [ERROR] LogOutputStream:75 - [STDERR_REDIRECT] Mar 13, 2025 12:19:32 AM java.util.prefs.FileSystemPreferences syncWorld
2025-03-13 00:19:32,957 [ERROR] LogOutputStream:75 - [STDERR_REDIRECT] WARNING: Couldn't flush system prefs: java.util.prefs.BackingStoreException: Couldn't get file lock.
2025-03-13 00:19:32,957 [ERROR] LogOutputStream:75 - [STDERR_REDIRECT] 
2025-03-13 00:20:02,956 [ERROR] LogOutputStream:75 - [STDERR_REDIRECT] Mar 13, 2025 12:20:02 AM java.util.prefs.FileSystemPreferences checkLockFile0ErrorCode
2025-03-13 00:20:02,957 [ERROR] LogOutputStream:75 - [STDERR_REDIRECT] WARNING: Could not lock System prefs. Unix error code 2.
2025-03-13 00:20:02,957 [ERROR] LogOutputStream:75 - [STDERR_REDIRECT] 
2025-03-13 00:20:02,957 [ERROR] LogOutputStream:75 - [STDERR_REDIRECT] Mar 13, 2025 12:20:02 AM java.util.prefs.FileSystemPreferences syncWorld
2025-03-13 00:20:02,957 [ERROR] LogOutputStream:75 - [STDERR_REDIRECT] WARNING: Couldn't flush system prefs: java.util.prefs.BackingStoreException: Couldn't get file lock.
2025-03-13 00:20:02,957 [ERROR] LogOutputStream:75 - [STDERR_REDIRECT] 
2025-03-13 00:20:32,957 [ERROR] LogOutputStream:75 - [STDERR_REDIRECT] Mar 13, 2025 12:20:32 AM java.util.prefs.FileSystemPreferences checkLockFile0ErrorCode
2025-03-13 00:20:32,957 [ERROR] LogOutputStream:75 - [STDERR_REDIRECT] WARNING: Could not lock System prefs. Unix error code 2.
2025-03-13 00:20:32,957 [ERROR] LogOutputStream:75 - [STDERR_REDIRECT] 
2025-03-13 00:20:32,957 [ERROR] LogOutputStream:75 - [STDERR_REDIRECT] Mar 13, 2025 12:20:32 AM java.util.prefs.FileSystemPreferences syncWorld
2025-03-13 00:20:32,958 [ERROR] LogOutputStream:75 - [STDERR_REDIRECT] WARNING: Couldn't flush system prefs: java.util.prefs.BackingStoreException: Couldn't get file lock.
2025-03-13 00:20:32,958 [ERROR] LogOutputStream:75 - [STDERR_REDIRECT] 
2025-03-13 00:21:02,956 [ERROR] LogOutputStream:75 - [STDERR_REDIRECT] Mar 13, 2025 12:21:02 AM java.util.prefs.FileSystemPreferences checkLockFile0ErrorCode
2025-03-13 00:21:02,969 [ERROR] LogOutputStream:75 - [STDERR_REDIRECT] WARNING: Could not lock System prefs. Unix error code 2.
2025-03-13 00:21:02,969 [ERROR] LogOutputStream:75 - [STDERR_REDIRECT] 
2025-03-13 00:21:02,969 [ERROR] LogOutputStream:75 - [STDERR_REDIRECT] Mar 13, 2025 12:21:02 AM java.util.prefs.FileSystemPreferences syncWorld
2025-03-13 00:21:02,969 [ERROR] LogOutputStream:75 - [STDERR_REDIRECT] WARNING: Couldn't flush system prefs: java.util.prefs.BackingStoreException: Couldn't get file lock.
2025-03-13 00:21:02,969 [ERROR] LogOutputStream:75 - [STDERR_REDIRECT] 
2025-03-13 00:21:32,967 [ERROR] LogOutputStream:75 - [STDERR_REDIRECT] Mar 13, 2025 12:21:32 AM java.util.prefs.FileSystemPreferences checkLockFile0ErrorCode
2025-03-13 00:21:32,967 [ERROR] LogOutputStream:75 - [STDERR_REDIRECT] WARNING: Could not lock System prefs. Unix error code 2.
2025-03-13 00:21:32,967 [ERROR] LogOutputStream:75 - [STDERR_REDIRECT] 
2025-03-13 00:21:32,967 [ERROR] LogOutputStream:75 - [STDERR_REDIRECT] Mar 13, 2025 12:21:32 AM java.util.prefs.FileSystemPreferences syncWorld
2025-03-13 00:21:32,967 [ERROR] LogOutputStream:75 - [STDERR_REDIRECT] WARNING: Couldn't flush system prefs: java.util.prefs.BackingStoreException: Couldn't get file lock.
2025-03-13 00:21:32,968 [ERROR] LogOutputStream:75 - [STDERR_REDIRECT] 
2025-03-13 00:22:02,966 [ERROR] LogOutputStream:75 - [STDERR_REDIRECT] Mar 13, 2025 12:22:02 AM java.util.prefs.FileSystemPreferences checkLockFile0ErrorCode
2025-03-13 00:22:02,966 [ERROR] LogOutputStream:75 - [STDERR_REDIRECT] WARNING: Could not lock System prefs. Unix error code 2.
2025-03-13 00:22:02,966 [ERROR] LogOutputStream:75 - [STDERR_REDIRECT] 
2025-03-13 00:22:02,966 [ERROR] LogOutputStream:75 - [STDERR_REDIRECT] Mar 13, 2025 12:22:02 AM java.util.prefs.FileSystemPreferences syncWorld
2025-03-13 00:22:02,966 [ERROR] LogOutputStream:75 - [STDERR_REDIRECT] WARNING: Couldn't flush system prefs: java.util.prefs.BackingStoreException: Couldn't get file lock.
2025-03-13 00:22:02,966 [ERROR] LogOutputStream:75 - [STDERR_REDIRECT] 
2025-03-13 00:22:32,958 [ERROR] LogOutputStream:75 - [STDERR_REDIRECT] Mar 13, 2025 12:22:32 AM java.util.prefs.FileSystemPreferences checkLockFile0ErrorCode
2025-03-13 00:22:32,958 [ERROR] LogOutputStream:75 - [STDERR_REDIRECT] WARNING: Could not lock System prefs. Unix error code 2.
2025-03-13 00:22:32,958 [ERROR] LogOutputStream:75 - [STDERR_REDIRECT] 
2025-03-13 00:22:32,958 [ERROR] LogOutputStream:75 - [STDERR_REDIRECT] Mar 13, 2025 12:22:32 AM java.util.prefs.FileSystemPreferences syncWorld
2025-03-13 00:22:32,958 [ERROR] LogOutputStream:75 - [STDERR_REDIRECT] WARNING: Couldn't flush system prefs: java.util.prefs.BackingStoreException: Couldn't get file lock.
2025-03-13 00:22:32,958 [ERROR] LogOutputStream:75 - [STDERR_REDIRECT] 
2025-03-13 00:23:02,958 [ERROR] LogOutputStream:75 - [STDERR_REDIRECT] Mar 13, 2025 12:23:02 AM java.util.prefs.FileSystemPreferences checkLockFile0ErrorCode
2025-03-13 00:23:02,958 [ERROR] LogOutputStream:75 - [STDERR_REDIRECT] WARNING: Could not lock System prefs. Unix error code 2.
2025-03-13 00:23:02,959 [ERROR] LogOutputStream:75 - [STDERR_REDIRECT] 
2025-03-13 00:23:02,959 [ERROR] LogOutputStream:75 - [STDERR_REDIRECT] Mar 13, 2025 12:23:02 AM java.util.prefs.FileSystemPreferences syncWorld
2025-03-13 00:23:02,959 [ERROR] LogOutputStream:75 - [STDERR_REDIRECT] WARNING: Couldn't flush system prefs: java.util.prefs.BackingStoreException: Couldn't get file lock.
2025-03-13 00:23:02,959 [ERROR] LogOutputStream:75 - [STDERR_REDIRECT] 
2025-03-13 00:23:32,991 [ERROR] LogOutputStream:75 - [STDERR_REDIRECT] Mar 13, 2025 12:23:32 AM java.util.prefs.FileSystemPreferences checkLockFile0ErrorCode
2025-03-13 00:23:32,992 [ERROR] LogOutputStream:75 - [STDERR_REDIRECT] WARNING: Could not lock System prefs. Unix error code 2.
2025-03-13 00:23:32,999 [ERROR] LogOutputStream:75 - [STDERR_REDIRECT] 
2025-03-13 00:23:33,000 [ERROR] LogOutputStream:75 - [STDERR_REDIRECT] Mar 13, 2025 12:23:33 AM java.util.prefs.FileSystemPreferences syncWorld
2025-03-13 00:23:33,000 [ERROR] LogOutputStream:75 - [STDERR_REDIRECT] WARNING: Couldn't flush system prefs: java.util.prefs.BackingStoreException: Couldn't get file lock.
2025-03-13 00:23:33,000 [ERROR] LogOutputStream:75 - [STDERR_REDIRECT] 
2025-03-13 00:24:02,961 [ERROR] LogOutputStream:75 - [STDERR_REDIRECT] Mar 13, 2025 12:24:02 AM java.util.prefs.FileSystemPreferences checkLockFile0ErrorCode
2025-03-13 00:24:02,969 [ERROR] LogOutputStream:75 - [STDERR_REDIRECT] WARNING: Could not lock System prefs. Unix error code 2.
2025-03-13 00:24:02,969 [ERROR] LogOutputStream:75 - [STDERR_REDIRECT] 
2025-03-13 00:24:02,969 [ERROR] LogOutputStream:75 - [STDERR_REDIRECT] Mar 13, 2025 12:24:02 AM java.util.prefs.FileSystemPreferences syncWorld
2025-03-13 00:24:02,969 [ERROR] LogOutputStream:75 - [STDERR_REDIRECT] WARNING: Couldn't flush system prefs: java.util.prefs.BackingStoreException: Couldn't get file lock.
2025-03-13 00:24:02,969 [ERROR] LogOutputStream:75 - [STDERR_REDIRECT] 
2025-03-13 00:24:32,962 [ERROR] LogOutputStream:75 - [STDERR_REDIRECT] Mar 13, 2025 12:24:32 AM java.util.prefs.FileSystemPreferences checkLockFile0ErrorCode
2025-03-13 00:24:32,962 [ERROR] LogOutputStream:75 - [STDERR_REDIRECT] WARNING: Could not lock System prefs. Unix error code 2.
2025-03-13 00:24:32,963 [ERROR] LogOutputStream:75 - [STDERR_REDIRECT] 
2025-03-13 00:24:32,963 [ERROR] LogOutputStream:75 - [STDERR_REDIRECT] Mar 13, 2025 12:24:32 AM java.util.prefs.FileSystemPreferences syncWorld
2025-03-13 00:24:32,963 [ERROR] LogOutputStream:75 - [STDERR_REDIRECT] WARNING: Couldn't flush system prefs: java.util.prefs.BackingStoreException: Couldn't get file lock.
2025-03-13 00:24:32,963 [ERROR] LogOutputStream:75 - [STDERR_REDIRECT] 
2025-03-13 00:25:02,959 [ERROR] LogOutputStream:75 - [STDERR_REDIRECT] Mar 13, 2025 12:25:02 AM java.util.prefs.FileSystemPreferences checkLockFile0ErrorCode
2025-03-13 00:25:02,959 [ERROR] LogOutputStream:75 - [STDERR_REDIRECT] WARNING: Could not lock System prefs. Unix error code 2.
2025-03-13 00:25:02,959 [ERROR] LogOutputStream:75 - [STDERR_REDIRECT] 
2025-03-13 00:25:02,960 [ERROR] LogOutputStream:75 - [STDERR_REDIRECT] Mar 13, 2025 12:25:02 AM java.util.prefs.FileSystemPreferences syncWorld
2025-03-13 00:25:02,960 [ERROR] LogOutputStream:75 - [STDERR_REDIRECT] WARNING: Couldn't flush system prefs: java.util.prefs.BackingStoreException: Couldn't get file lock.
2025-03-13 00:25:02,960 [ERROR] LogOutputStream:75 - [STDERR_REDIRECT] 
2025-03-13 00:25:32,957 [ERROR] LogOutputStream:75 - [STDERR_REDIRECT] Mar 13, 2025 12:25:32 AM java.util.prefs.FileSystemPreferences checkLockFile0ErrorCode
2025-03-13 00:25:32,958 [ERROR] LogOutputStream:75 - [STDERR_REDIRECT] WARNING: Could not lock System prefs. Unix error code 2.
2025-03-13 00:25:32,958 [ERROR] LogOutputStream:75 - [STDERR_REDIRECT] 
2025-03-13 00:25:32,958 [ERROR] LogOutputStream:75 - [STDERR_REDIRECT] Mar 13, 2025 12:25:32 AM java.util.prefs.FileSystemPreferences syncWorld
2025-03-13 00:25:32,958 [ERROR] LogOutputStream:75 - [STDERR_REDIRECT] WARNING: Couldn't flush system prefs: java.util.prefs.BackingStoreException: Couldn't get file lock.
2025-03-13 00:25:32,958 [ERROR] LogOutputStream:75 - [STDERR_REDIRECT] 
2025-03-13 00:26:02,958 [ERROR] LogOutputStream:75 - [STDERR_REDIRECT] Mar 13, 2025 12:26:02 AM java.util.prefs.FileSystemPreferences checkLockFile0ErrorCode
2025-03-13 00:26:02,958 [ERROR] LogOutputStream:75 - [STDERR_REDIRECT] WARNING: Could not lock System prefs. Unix error code 2.
2025-03-13 00:26:02,959 [ERROR] LogOutputStream:75 - [STDERR_REDIRECT] 
2025-03-13 00:26:02,959 [ERROR] LogOutputStream:75 - [STDERR_REDIRECT] Mar 13, 2025 12:26:02 AM java.util.prefs.FileSystemPreferences syncWorld
2025-03-13 00:26:02,959 [ERROR] LogOutputStream:75 - [STDERR_REDIRECT] WARNING: Couldn't flush system prefs: java.util.prefs.BackingStoreException: Couldn't get file lock.
2025-03-13 00:26:02,959 [ERROR] LogOutputStream:75 - [STDERR_REDIRECT] 
2025-03-13 00:26:32,959 [ERROR] LogOutputStream:75 - [STDERR_REDIRECT] Mar 13, 2025 12:26:32 AM java.util.prefs.FileSystemPreferences checkLockFile0ErrorCode
2025-03-13 00:26:32,959 [ERROR] LogOutputStream:75 - [STDERR_REDIRECT] WARNING: Could not lock System prefs. Unix error code 2.
2025-03-13 00:26:32,959 [ERROR] LogOutputStream:75 - [STDERR_REDIRECT] 
2025-03-13 00:26:32,959 [ERROR] LogOutputStream:75 - [STDERR_REDIRECT] Mar 13, 2025 12:26:32 AM java.util.prefs.FileSystemPreferences syncWorld
2025-03-13 00:26:32,960 [ERROR] LogOutputStream:75 - [STDERR_REDIRECT] WARNING: Couldn't flush system prefs: java.util.prefs.BackingStoreException: Couldn't get file lock.
2025-03-13 00:26:32,960 [ERROR] LogOutputStream:75 - [STDERR_REDIRECT] 
2025-03-13 00:27:02,959 [ERROR] LogOutputStream:75 - [STDERR_REDIRECT] Mar 13, 2025 12:27:02 AM java.util.prefs.FileSystemPreferences checkLockFile0ErrorCode
2025-03-13 00:27:02,960 [ERROR] LogOutputStream:75 - [STDERR_REDIRECT] WARNING: Could not lock System prefs. Unix error code 2.
2025-03-13 00:27:02,960 [ERROR] LogOutputStream:75 - [STDERR_REDIRECT] 
2025-03-13 00:27:02,960 [ERROR] LogOutputStream:75 - [STDERR_REDIRECT] Mar 13, 2025 12:27:02 AM java.util.prefs.FileSystemPreferences syncWorld
2025-03-13 00:27:02,960 [ERROR] LogOutputStream:75 - [STDERR_REDIRECT] WARNING: Couldn't flush system prefs: java.util.prefs.BackingStoreException: Couldn't get file lock.
2025-03-13 00:27:02,960 [ERROR] LogOutputStream:75 - [STDERR_REDIRECT] 
2025-03-13 00:27:32,959 [ERROR] LogOutputStream:75 - [STDERR_REDIRECT] Mar 13, 2025 12:27:32 AM java.util.prefs.FileSystemPreferences checkLockFile0ErrorCode
2025-03-13 00:27:32,960 [ERROR] LogOutputStream:75 - [STDERR_REDIRECT] WARNING: Could not lock System prefs. Unix error code 2.
2025-03-13 00:27:32,960 [ERROR] LogOutputStream:75 - [STDERR_REDIRECT] 
2025-03-13 00:27:32,960 [ERROR] LogOutputStream:75 - [STDERR_REDIRECT] Mar 13, 2025 12:27:32 AM java.util.prefs.FileSystemPreferences syncWorld
2025-03-13 00:27:32,960 [ERROR] LogOutputStream:75 - [STDERR_REDIRECT] WARNING: Couldn't flush system prefs: java.util.prefs.BackingStoreException: Couldn't get file lock.
2025-03-13 00:27:32,960 [ERROR] LogOutputStream:75 - [STDERR_REDIRECT] 
2025-03-13 00:28:02,967 [ERROR] LogOutputStream:75 - [STDERR_REDIRECT] Mar 13, 2025 12:28:02 AM java.util.prefs.FileSystemPreferences checkLockFile0ErrorCode
2025-03-13 00:28:03,007 [ERROR] LogOutputStream:75 - [STDERR_REDIRECT] WARNING: Could not lock System prefs. Unix error code 2.
2025-03-13 00:28:03,007 [ERROR] LogOutputStream:75 - [STDERR_REDIRECT] 
2025-03-13 00:28:03,008 [ERROR] LogOutputStream:75 - [STDERR_REDIRECT] Mar 13, 2025 12:28:03 AM java.util.prefs.FileSystemPreferences syncWorld
2025-03-13 00:28:03,008 [ERROR] LogOutputStream:75 - [STDERR_REDIRECT] WARNING: Couldn't flush system prefs: java.util.prefs.BackingStoreException: Couldn't get file lock.
2025-03-13 00:28:03,008 [ERROR] LogOutputStream:75 - [STDERR_REDIRECT] 
2025-03-13 00:28:32,968 [ERROR] LogOutputStream:75 - [STDERR_REDIRECT] Mar 13, 2025 12:28:32 AM java.util.prefs.FileSystemPreferences checkLockFile0ErrorCode
2025-03-13 00:28:32,968 [ERROR] LogOutputStream:75 - [STDERR_REDIRECT] WARNING: Could not lock System prefs. Unix error code 2.
2025-03-13 00:28:32,969 [ERROR] LogOutputStream:75 - [STDERR_REDIRECT] 
2025-03-13 00:28:32,969 [ERROR] LogOutputStream:75 - [STDERR_REDIRECT] Mar 13, 2025 12:28:32 AM java.util.prefs.FileSystemPreferences syncWorld
2025-03-13 00:28:32,969 [ERROR] LogOutputStream:75 - [STDERR_REDIRECT] WARNING: Couldn't flush system prefs: java.util.prefs.BackingStoreException: Couldn't get file lock.
2025-03-13 00:28:32,969 [ERROR] LogOutputStream:75 - [STDERR_REDIRECT] 
2025-03-13 00:29:02,959 [ERROR] LogOutputStream:75 - [STDERR_REDIRECT] Mar 13, 2025 12:29:02 AM java.util.prefs.FileSystemPreferences checkLockFile0ErrorCode
2025-03-13 00:29:02,960 [ERROR] LogOutputStream:75 - [STDERR_REDIRECT] WARNING: Could not lock System prefs. Unix error code 2.
2025-03-13 00:29:02,960 [ERROR] LogOutputStream:75 - [STDERR_REDIRECT] 
2025-03-13 00:29:02,960 [ERROR] LogOutputStream:75 - [STDERR_REDIRECT] Mar 13, 2025 12:29:02 AM java.util.prefs.FileSystemPreferences syncWorld
2025-03-13 00:29:02,960 [ERROR] LogOutputStream:75 - [STDERR_REDIRECT] WARNING: Couldn't flush system prefs: java.util.prefs.BackingStoreException: Couldn't get file lock.
2025-03-13 00:29:02,960 [ERROR] LogOutputStream:75 - [STDERR_REDIRECT] 
2025-03-13 00:29:32,974 [ERROR] LogOutputStream:75 - [STDERR_REDIRECT] Mar 13, 2025 12:29:32 AM java.util.prefs.FileSystemPreferences checkLockFile0ErrorCode
2025-03-13 00:29:32,974 [ERROR] LogOutputStream:75 - [STDERR_REDIRECT] WARNING: Could not lock System prefs. Unix error code 2.
2025-03-13 00:29:32,974 [ERROR] LogOutputStream:75 - [STDERR_REDIRECT] 
2025-03-13 00:29:32,974 [ERROR] LogOutputStream:75 - [STDERR_REDIRECT] Mar 13, 2025 12:29:32 AM java.util.prefs.FileSystemPreferences syncWorld
2025-03-13 00:29:32,974 [ERROR] LogOutputStream:75 - [STDERR_REDIRECT] WARNING: Couldn't flush system prefs: java.util.prefs.BackingStoreException: Couldn't get file lock.
2025-03-13 00:29:32,975 [ERROR] LogOutputStream:75 - [STDERR_REDIRECT] 
2025-03-13 00:30:02,960 [ERROR] LogOutputStream:75 - [STDERR_REDIRECT] Mar 13, 2025 12:30:02 AM java.util.prefs.FileSystemPreferences checkLockFile0ErrorCode
2025-03-13 00:30:02,960 [ERROR] LogOutputStream:75 - [STDERR_REDIRECT] WARNING: Could not lock System prefs. Unix error code 2.
2025-03-13 00:30:02,960 [ERROR] LogOutputStream:75 - [STDERR_REDIRECT] 
2025-03-13 00:30:02,968 [ERROR] LogOutputStream:75 - [STDERR_REDIRECT] Mar 13, 2025 12:30:02 AM java.util.prefs.FileSystemPreferences syncWorld
2025-03-13 00:30:02,968 [ERROR] LogOutputStream:75 - [STDERR_REDIRECT] WARNING: Couldn't flush system prefs: java.util.prefs.BackingStoreException: Couldn't get file lock.
2025-03-13 00:30:02,968 [ERROR] LogOutputStream:75 - [STDERR_REDIRECT] 
2025-03-13 00:30:32,959 [ERROR] LogOutputStream:75 - [STDERR_REDIRECT] Mar 13, 2025 12:30:32 AM java.util.prefs.FileSystemPreferences checkLockFile0ErrorCode
2025-03-13 00:30:32,959 [ERROR] LogOutputStream:75 - [STDERR_REDIRECT] WARNING: Could not lock System prefs. Unix error code 2.
2025-03-13 00:30:32,960 [ERROR] LogOutputStream:75 - [STDERR_REDIRECT] 
2025-03-13 00:30:32,960 [ERROR] LogOutputStream:75 - [STDERR_REDIRECT] Mar 13, 2025 12:30:32 AM java.util.prefs.FileSystemPreferences syncWorld
2025-03-13 00:30:32,960 [ERROR] LogOutputStream:75 - [STDERR_REDIRECT] WARNING: Couldn't flush system prefs: java.util.prefs.BackingStoreException: Couldn't get file lock.
2025-03-13 00:30:32,960 [ERROR] LogOutputStream:75 - [STDERR_REDIRECT] 
2025-03-13 00:31:02,959 [ERROR] LogOutputStream:75 - [STDERR_REDIRECT] Mar 13, 2025 12:31:02 AM java.util.prefs.FileSystemPreferences checkLockFile0ErrorCode
2025-03-13 00:31:02,959 [ERROR] LogOutputStream:75 - [STDERR_REDIRECT] WARNING: Could not lock System prefs. Unix error code 2.
2025-03-13 00:31:02,959 [ERROR] LogOutputStream:75 - [STDERR_REDIRECT] 
2025-03-13 00:31:02,960 [ERROR] LogOutputStream:75 - [STDERR_REDIRECT] Mar 13, 2025 12:31:02 AM java.util.prefs.FileSystemPreferences syncWorld
2025-03-13 00:31:02,960 [ERROR] LogOutputStream:75 - [STDERR_REDIRECT] WARNING: Couldn't flush system prefs: java.util.prefs.BackingStoreException: Couldn't get file lock.
2025-03-13 00:31:02,960 [ERROR] LogOutputStream:75 - [STDERR_REDIRECT] 
2025-03-13 00:31:32,959 [ERROR] LogOutputStream:75 - [STDERR_REDIRECT] Mar 13, 2025 12:31:32 AM java.util.prefs.FileSystemPreferences checkLockFile0ErrorCode
2025-03-13 00:31:32,959 [ERROR] LogOutputStream:75 - [STDERR_REDIRECT] WARNING: Could not lock System prefs. Unix error code 2.
2025-03-13 00:31:32,959 [ERROR] LogOutputStream:75 - [STDERR_REDIRECT] 
2025-03-13 00:31:32,959 [ERROR] LogOutputStream:75 - [STDERR_REDIRECT] Mar 13, 2025 12:31:32 AM java.util.prefs.FileSystemPreferences syncWorld
2025-03-13 00:31:32,959 [ERROR] LogOutputStream:75 - [STDERR_REDIRECT] WARNING: Couldn't flush system prefs: java.util.prefs.BackingStoreException: Couldn't get file lock.
2025-03-13 00:31:32,960 [ERROR] LogOutputStream:75 - [STDERR_REDIRECT] 
2025-03-13 00:32:02,959 [ERROR] LogOutputStream:75 - [STDERR_REDIRECT] Mar 13, 2025 12:32:02 AM java.util.prefs.FileSystemPreferences checkLockFile0ErrorCode
2025-03-13 00:32:02,959 [ERROR] LogOutputStream:75 - [STDERR_REDIRECT] WARNING: Could not lock System prefs. Unix error code 2.
2025-03-13 00:32:02,959 [ERROR] LogOutputStream:75 - [STDERR_REDIRECT] 
2025-03-13 00:32:02,960 [ERROR] LogOutputStream:75 - [STDERR_REDIRECT] Mar 13, 2025 12:32:02 AM java.util.prefs.FileSystemPreferences syncWorld
2025-03-13 00:32:02,960 [ERROR] LogOutputStream:75 - [STDERR_REDIRECT] WARNING: Couldn't flush system prefs: java.util.prefs.BackingStoreException: Couldn't get file lock.
2025-03-13 00:32:02,960 [ERROR] LogOutputStream:75 - [STDERR_REDIRECT] 
2025-03-13 00:32:32,958 [ERROR] LogOutputStream:75 - [STDERR_REDIRECT] Mar 13, 2025 12:32:32 AM java.util.prefs.FileSystemPreferences checkLockFile0ErrorCode
2025-03-13 00:32:32,959 [ERROR] LogOutputStream:75 - [STDERR_REDIRECT] WARNING: Could not lock System prefs. Unix error code 2.
2025-03-13 00:32:32,959 [ERROR] LogOutputStream:75 - [STDERR_REDIRECT] 
2025-03-13 00:32:32,959 [ERROR] LogOutputStream:75 - [STDERR_REDIRECT] Mar 13, 2025 12:32:32 AM java.util.prefs.FileSystemPreferences syncWorld
2025-03-13 00:32:32,959 [ERROR] LogOutputStream:75 - [STDERR_REDIRECT] WARNING: Couldn't flush system prefs: java.util.prefs.BackingStoreException: Couldn't get file lock.
2025-03-13 00:32:32,959 [ERROR] LogOutputStream:75 - [STDERR_REDIRECT] 
2025-03-13 00:33:02,969 [ERROR] LogOutputStream:75 - [STDERR_REDIRECT] Mar 13, 2025 12:33:02 AM java.util.prefs.FileSystemPreferences checkLockFile0ErrorCode
2025-03-13 00:33:02,969 [ERROR] LogOutputStream:75 - [STDERR_REDIRECT] WARNING: Could not lock System prefs. Unix error code 2.
2025-03-13 00:33:02,969 [ERROR] LogOutputStream:75 - [STDERR_REDIRECT] 
2025-03-13 00:33:02,970 [ERROR] LogOutputStream:75 - [STDERR_REDIRECT] Mar 13, 2025 12:33:02 AM java.util.prefs.FileSystemPreferences syncWorld
2025-03-13 00:33:02,970 [ERROR] LogOutputStream:75 - [STDERR_REDIRECT] WARNING: Couldn't flush system prefs: java.util.prefs.BackingStoreException: Couldn't get file lock.
2025-03-13 00:33:02,970 [ERROR] LogOutputStream:75 - [STDERR_REDIRECT] 
2025-03-13 00:33:32,959 [ERROR] LogOutputStream:75 - [STDERR_REDIRECT] Mar 13, 2025 12:33:32 AM java.util.prefs.FileSystemPreferences checkLockFile0ErrorCode
2025-03-13 00:33:32,967 [ERROR] LogOutputStream:75 - [STDERR_REDIRECT] WARNING: Could not lock System prefs. Unix error code 2.
2025-03-13 00:33:32,967 [ERROR] LogOutputStream:75 - [STDERR_REDIRECT] 
2025-03-13 00:33:32,967 [ERROR] LogOutputStream:75 - [STDERR_REDIRECT] Mar 13, 2025 12:33:32 AM java.util.prefs.FileSystemPreferences syncWorld
2025-03-13 00:33:32,967 [ERROR] LogOutputStream:75 - [STDERR_REDIRECT] WARNING: Couldn't flush system prefs: java.util.prefs.BackingStoreException: Couldn't get file lock.
2025-03-13 00:33:32,967 [ERROR] LogOutputStream:75 - [STDERR_REDIRECT] 
2025-03-13 00:34:02,960 [ERROR] LogOutputStream:75 - [STDERR_REDIRECT] Mar 13, 2025 12:34:02 AM java.util.prefs.FileSystemPreferences checkLockFile0ErrorCode
2025-03-13 00:34:02,960 [ERROR] LogOutputStream:75 - [STDERR_REDIRECT] WARNING: Could not lock System prefs. Unix error code 2.
2025-03-13 00:34:02,960 [ERROR] LogOutputStream:75 - [STDERR_REDIRECT] 
2025-03-13 00:34:02,960 [ERROR] LogOutputStream:75 - [STDERR_REDIRECT] Mar 13, 2025 12:34:02 AM java.util.prefs.FileSystemPreferences syncWorld
2025-03-13 00:34:02,961 [ERROR] LogOutputStream:75 - [STDERR_REDIRECT] WARNING: Couldn't flush system prefs: java.util.prefs.BackingStoreException: Couldn't get file lock.
2025-03-13 00:34:02,961 [ERROR] LogOutputStream:75 - [STDERR_REDIRECT] 
2025-03-13 00:34:32,960 [ERROR] LogOutputStream:75 - [STDERR_REDIRECT] Mar 13, 2025 12:34:32 AM java.util.prefs.FileSystemPreferences checkLockFile0ErrorCode
2025-03-13 00:34:32,961 [ERROR] LogOutputStream:75 - [STDERR_REDIRECT] WARNING: Could not lock System prefs. Unix error code 2.
2025-03-13 00:34:32,961 [ERROR] LogOutputStream:75 - [STDERR_REDIRECT] 
2025-03-13 00:34:32,961 [ERROR] LogOutputStream:75 - [STDERR_REDIRECT] Mar 13, 2025 12:34:32 AM java.util.prefs.FileSystemPreferences syncWorld
2025-03-13 00:34:32,961 [ERROR] LogOutputStream:75 - [STDERR_REDIRECT] WARNING: Couldn't flush system prefs: java.util.prefs.BackingStoreException: Couldn't get file lock.
2025-03-13 00:34:32,961 [ERROR] LogOutputStream:75 - [STDERR_REDIRECT] 
2025-03-13 00:35:02,960 [ERROR] LogOutputStream:75 - [STDERR_REDIRECT] Mar 13, 2025 12:35:02 AM java.util.prefs.FileSystemPreferences checkLockFile0ErrorCode
2025-03-13 00:35:02,960 [ERROR] LogOutputStream:75 - [STDERR_REDIRECT] WARNING: Could not lock System prefs. Unix error code 2.
2025-03-13 00:35:02,960 [ERROR] LogOutputStream:75 - [STDERR_REDIRECT] 
2025-03-13 00:35:02,961 [ERROR] LogOutputStream:75 - [STDERR_REDIRECT] Mar 13, 2025 12:35:02 AM java.util.prefs.FileSystemPreferences syncWorld
2025-03-13 00:35:02,961 [ERROR] LogOutputStream:75 - [STDERR_REDIRECT] WARNING: Couldn't flush system prefs: java.util.prefs.BackingStoreException: Couldn't get file lock.
2025-03-13 00:35:02,961 [ERROR] LogOutputStream:75 - [STDERR_REDIRECT] 
2025-03-13 00:35:32,970 [ERROR] LogOutputStream:75 - [STDERR_REDIRECT] Mar 13, 2025 12:35:32 AM java.util.prefs.FileSystemPreferences checkLockFile0ErrorCode
2025-03-13 00:35:32,971 [ERROR] LogOutputStream:75 - [STDERR_REDIRECT] WARNING: Could not lock System prefs. Unix error code 2.
2025-03-13 00:35:32,971 [ERROR] LogOutputStream:75 - [STDERR_REDIRECT] 
2025-03-13 00:35:32,971 [ERROR] LogOutputStream:75 - [STDERR_REDIRECT] Mar 13, 2025 12:35:32 AM java.util.prefs.FileSystemPreferences syncWorld
2025-03-13 00:35:32,971 [ERROR] LogOutputStream:75 - [STDERR_REDIRECT] WARNING: Couldn't flush system prefs: java.util.prefs.BackingStoreException: Couldn't get file lock.
2025-03-13 00:35:32,971 [ERROR] LogOutputStream:75 - [STDERR_REDIRECT] 
2025-03-13 00:36:02,961 [ERROR] LogOutputStream:75 - [STDERR_REDIRECT] Mar 13, 2025 12:36:02 AM java.util.prefs.FileSystemPreferences checkLockFile0ErrorCode
2025-03-13 00:36:02,961 [ERROR] LogOutputStream:75 - [STDERR_REDIRECT] WARNING: Could not lock System prefs. Unix error code 2.
2025-03-13 00:36:02,968 [ERROR] LogOutputStream:75 - [STDERR_REDIRECT] 
2025-03-13 00:36:02,969 [ERROR] LogOutputStream:75 - [STDERR_REDIRECT] Mar 13, 2025 12:36:02 AM java.util.prefs.FileSystemPreferences syncWorld
2025-03-13 00:36:02,969 [ERROR] LogOutputStream:75 - [STDERR_REDIRECT] WARNING: Couldn't flush system prefs: java.util.prefs.BackingStoreException: Couldn't get file lock.
2025-03-13 00:36:02,969 [ERROR] LogOutputStream:75 - [STDERR_REDIRECT] 
2025-03-13 00:36:32,961 [ERROR] LogOutputStream:75 - [STDERR_REDIRECT] Mar 13, 2025 12:36:32 AM java.util.prefs.FileSystemPreferences checkLockFile0ErrorCode
2025-03-13 00:36:32,962 [ERROR] LogOutputStream:75 - [STDERR_REDIRECT] WARNING: Could not lock System prefs. Unix error code 2.
2025-03-13 00:36:32,962 [ERROR] LogOutputStream:75 - [STDERR_REDIRECT] 
2025-03-13 00:36:32,962 [ERROR] LogOutputStream:75 - [STDERR_REDIRECT] Mar 13, 2025 12:36:32 AM java.util.prefs.FileSystemPreferences syncWorld
2025-03-13 00:36:32,962 [ERROR] LogOutputStream:75 - [STDERR_REDIRECT] WARNING: Couldn't flush system prefs: java.util.prefs.BackingStoreException: Couldn't get file lock.
2025-03-13 00:36:32,962 [ERROR] LogOutputStream:75 - [STDERR_REDIRECT] 
2025-03-13 00:37:02,961 [ERROR] LogOutputStream:75 - [STDERR_REDIRECT] Mar 13, 2025 12:37:02 AM java.util.prefs.FileSystemPreferences checkLockFile0ErrorCode
2025-03-13 00:37:02,961 [ERROR] LogOutputStream:75 - [STDERR_REDIRECT] WARNING: Could not lock System prefs. Unix error code 2.
2025-03-13 00:37:02,961 [ERROR] LogOutputStream:75 - [STDERR_REDIRECT] 
2025-03-13 00:37:02,961 [ERROR] LogOutputStream:75 - [STDERR_REDIRECT] Mar 13, 2025 12:37:02 AM java.util.prefs.FileSystemPreferences syncWorld
2025-03-13 00:37:02,962 [ERROR] LogOutputStream:75 - [STDERR_REDIRECT] WARNING: Couldn't flush system prefs: java.util.prefs.BackingStoreException: Couldn't get file lock.
2025-03-13 00:37:02,962 [ERROR] LogOutputStream:75 - [STDERR_REDIRECT] 
2025-03-13 00:37:32,960 [ERROR] LogOutputStream:75 - [STDERR_REDIRECT] Mar 13, 2025 12:37:32 AM java.util.prefs.FileSystemPreferences checkLockFile0ErrorCode
2025-03-13 00:37:32,961 [ERROR] LogOutputStream:75 - [STDERR_REDIRECT] WARNING: Could not lock System prefs. Unix error code 2.
2025-03-13 00:37:32,968 [ERROR] LogOutputStream:75 - [STDERR_REDIRECT] 
2025-03-13 00:37:32,968 [ERROR] LogOutputStream:75 - [STDERR_REDIRECT] Mar 13, 2025 12:37:32 AM java.util.prefs.FileSystemPreferences syncWorld
2025-03-13 00:37:32,969 [ERROR] LogOutputStream:75 - [STDERR_REDIRECT] WARNING: Couldn't flush system prefs: java.util.prefs.BackingStoreException: Couldn't get file lock.
2025-03-13 00:37:32,969 [ERROR] LogOutputStream:75 - [STDERR_REDIRECT] 
2025-03-13 00:38:02,961 [ERROR] LogOutputStream:75 - [STDERR_REDIRECT] Mar 13, 2025 12:38:02 AM java.util.prefs.FileSystemPreferences checkLockFile0ErrorCode
2025-03-13 00:38:02,961 [ERROR] LogOutputStream:75 - [STDERR_REDIRECT] WARNING: Could not lock System prefs. Unix error code 2.
2025-03-13 00:38:02,961 [ERROR] LogOutputStream:75 - [STDERR_REDIRECT] 
2025-03-13 00:38:02,962 [ERROR] LogOutputStream:75 - [STDERR_REDIRECT] Mar 13, 2025 12:38:02 AM java.util.prefs.FileSystemPreferences syncWorld
2025-03-13 00:38:02,962 [ERROR] LogOutputStream:75 - [STDERR_REDIRECT] WARNING: Couldn't flush system prefs: java.util.prefs.BackingStoreException: Couldn't get file lock.
2025-03-13 00:38:02,962 [ERROR] LogOutputStream:75 - [STDERR_REDIRECT] 
2025-03-13 00:38:32,961 [ERROR] LogOutputStream:75 - [STDERR_REDIRECT] Mar 13, 2025 12:38:32 AM java.util.prefs.FileSystemPreferences checkLockFile0ErrorCode
2025-03-13 00:38:32,961 [ERROR] LogOutputStream:75 - [STDERR_REDIRECT] WARNING: Could not lock System prefs. Unix error code 2.
2025-03-13 00:38:32,961 [ERROR] LogOutputStream:75 - [STDERR_REDIRECT] 
2025-03-13 00:38:32,961 [ERROR] LogOutputStream:75 - [STDERR_REDIRECT] Mar 13, 2025 12:38:32 AM java.util.prefs.FileSystemPreferences syncWorld
2025-03-13 00:38:32,962 [ERROR] LogOutputStream:75 - [STDERR_REDIRECT] WARNING: Couldn't flush system prefs: java.util.prefs.BackingStoreException: Couldn't get file lock.
2025-03-13 00:38:32,962 [ERROR] LogOutputStream:75 - [STDERR_REDIRECT] 
2025-03-13 00:39:02,962 [ERROR] LogOutputStream:75 - [STDERR_REDIRECT] Mar 13, 2025 12:39:02 AM java.util.prefs.FileSystemPreferences checkLockFile0ErrorCode
2025-03-13 00:39:02,962 [ERROR] LogOutputStream:75 - [STDERR_REDIRECT] WARNING: Could not lock System prefs. Unix error code 2.
2025-03-13 00:39:02,962 [ERROR] LogOutputStream:75 - [STDERR_REDIRECT] 
2025-03-13 00:39:02,963 [ERROR] LogOutputStream:75 - [STDERR_REDIRECT] Mar 13, 2025 12:39:02 AM java.util.prefs.FileSystemPreferences syncWorld
2025-03-13 00:39:02,963 [ERROR] LogOutputStream:75 - [STDERR_REDIRECT] WARNING: Couldn't flush system prefs: java.util.prefs.BackingStoreException: Couldn't get file lock.
2025-03-13 00:39:02,963 [ERROR] LogOutputStream:75 - [STDERR_REDIRECT] 
2025-03-13 00:39:32,973 [ERROR] LogOutputStream:75 - [STDERR_REDIRECT] Mar 13, 2025 12:39:32 AM java.util.prefs.FileSystemPreferences checkLockFile0ErrorCode
2025-03-13 00:39:32,974 [ERROR] LogOutputStream:75 - [STDERR_REDIRECT] WARNING: Could not lock System prefs. Unix error code 2.
2025-03-13 00:39:32,975 [ERROR] LogOutputStream:75 - [STDERR_REDIRECT] 
2025-03-13 00:39:32,976 [ERROR] LogOutputStream:75 - [STDERR_REDIRECT] Mar 13, 2025 12:39:32 AM java.util.prefs.FileSystemPreferences syncWorld
2025-03-13 00:39:32,977 [ERROR] LogOutputStream:75 - [STDERR_REDIRECT] WARNING: Couldn't flush system prefs: java.util.prefs.BackingStoreException: Couldn't get file lock.
2025-03-13 00:39:32,977 [ERROR] LogOutputStream:75 - [STDERR_REDIRECT] 
2025-03-13 00:40:02,961 [ERROR] LogOutputStream:75 - [STDERR_REDIRECT] Mar 13, 2025 12:40:02 AM java.util.prefs.FileSystemPreferences checkLockFile0ErrorCode
2025-03-13 00:40:02,961 [ERROR] LogOutputStream:75 - [STDERR_REDIRECT] WARNING: Could not lock System prefs. Unix error code 2.
2025-03-13 00:40:02,961 [ERROR] LogOutputStream:75 - [STDERR_REDIRECT] 
2025-03-13 00:40:02,961 [ERROR] LogOutputStream:75 - [STDERR_REDIRECT] Mar 13, 2025 12:40:02 AM java.util.prefs.FileSystemPreferences syncWorld
2025-03-13 00:40:02,961 [ERROR] LogOutputStream:75 - [STDERR_REDIRECT] WARNING: Couldn't flush system prefs: java.util.prefs.BackingStoreException: Couldn't get file lock.
2025-03-13 00:40:02,961 [ERROR] LogOutputStream:75 - [STDERR_REDIRECT] 
2025-03-13 00:40:32,961 [ERROR] LogOutputStream:75 - [STDERR_REDIRECT] Mar 13, 2025 12:40:32 AM java.util.prefs.FileSystemPreferences checkLockFile0ErrorCode
2025-03-13 00:40:32,961 [ERROR] LogOutputStream:75 - [STDERR_REDIRECT] WARNING: Could not lock System prefs. Unix error code 2.
2025-03-13 00:40:32,961 [ERROR] LogOutputStream:75 - [STDERR_REDIRECT] 
2025-03-13 00:40:32,962 [ERROR] LogOutputStream:75 - [STDERR_REDIRECT] Mar 13, 2025 12:40:32 AM java.util.prefs.FileSystemPreferences syncWorld
2025-03-13 00:40:32,962 [ERROR] LogOutputStream:75 - [STDERR_REDIRECT] WARNING: Couldn't flush system prefs: java.util.prefs.BackingStoreException: Couldn't get file lock.
2025-03-13 00:40:32,962 [ERROR] LogOutputStream:75 - [STDERR_REDIRECT] 
2025-03-13 00:41:02,970 [ERROR] LogOutputStream:75 - [STDERR_REDIRECT] Mar 13, 2025 12:41:02 AM java.util.prefs.FileSystemPreferences checkLockFile0ErrorCode
2025-03-13 00:41:02,978 [ERROR] LogOutputStream:75 - [STDERR_REDIRECT] WARNING: Could not lock System prefs. Unix error code 2.
2025-03-13 00:41:02,978 [ERROR] LogOutputStream:75 - [STDERR_REDIRECT] 
2025-03-13 00:41:02,978 [ERROR] LogOutputStream:75 - [STDERR_REDIRECT] Mar 13, 2025 12:41:02 AM java.util.prefs.FileSystemPreferences syncWorld
2025-03-13 00:41:02,979 [ERROR] LogOutputStream:75 - [STDERR_REDIRECT] WARNING: Couldn't flush system prefs: java.util.prefs.BackingStoreException: Couldn't get file lock.
2025-03-13 00:41:02,979 [ERROR] LogOutputStream:75 - [STDERR_REDIRECT] 
2025-03-13 00:41:32,962 [ERROR] LogOutputStream:75 - [STDERR_REDIRECT] Mar 13, 2025 12:41:32 AM java.util.prefs.FileSystemPreferences checkLockFile0ErrorCode
2025-03-13 00:41:32,962 [ERROR] LogOutputStream:75 - [STDERR_REDIRECT] WARNING: Could not lock System prefs. Unix error code 2.
2025-03-13 00:41:32,962 [ERROR] LogOutputStream:75 - [STDERR_REDIRECT] 
2025-03-13 00:41:32,962 [ERROR] LogOutputStream:75 - [STDERR_REDIRECT] Mar 13, 2025 12:41:32 AM java.util.prefs.FileSystemPreferences syncWorld
2025-03-13 00:41:32,962 [ERROR] LogOutputStream:75 - [STDERR_REDIRECT] WARNING: Couldn't flush system prefs: java.util.prefs.BackingStoreException: Couldn't get file lock.
2025-03-13 00:41:32,962 [ERROR] LogOutputStream:75 - [STDERR_REDIRECT] 
2025-03-13 00:42:02,962 [ERROR] LogOutputStream:75 - [STDERR_REDIRECT] Mar 13, 2025 12:42:02 AM java.util.prefs.FileSystemPreferences checkLockFile0ErrorCode
2025-03-13 00:42:02,962 [ERROR] LogOutputStream:75 - [STDERR_REDIRECT] WARNING: Could not lock System prefs. Unix error code 2.
2025-03-13 00:42:02,962 [ERROR] LogOutputStream:75 - [STDERR_REDIRECT] 
2025-03-13 00:42:02,963 [ERROR] LogOutputStream:75 - [STDERR_REDIRECT] Mar 13, 2025 12:42:02 AM java.util.prefs.FileSystemPreferences syncWorld
2025-03-13 00:42:02,963 [ERROR] LogOutputStream:75 - [STDERR_REDIRECT] WARNING: Couldn't flush system prefs: java.util.prefs.BackingStoreException: Couldn't get file lock.
2025-03-13 00:42:02,963 [ERROR] LogOutputStream:75 - [STDERR_REDIRECT] 
2025-03-13 00:42:32,963 [ERROR] LogOutputStream:75 - [STDERR_REDIRECT] Mar 13, 2025 12:42:32 AM java.util.prefs.FileSystemPreferences checkLockFile0ErrorCode
2025-03-13 00:42:32,963 [ERROR] LogOutputStream:75 - [STDERR_REDIRECT] WARNING: Could not lock System prefs. Unix error code 2.
2025-03-13 00:42:32,963 [ERROR] LogOutputStream:75 - [STDERR_REDIRECT] 
2025-03-13 00:42:32,964 [ERROR] LogOutputStream:75 - [STDERR_REDIRECT] Mar 13, 2025 12:42:32 AM java.util.prefs.FileSystemPreferences syncWorld
2025-03-13 00:42:32,964 [ERROR] LogOutputStream:75 - [STDERR_REDIRECT] WARNING: Couldn't flush system prefs: java.util.prefs.BackingStoreException: Couldn't get file lock.
2025-03-13 00:42:32,964 [ERROR] LogOutputStream:75 - [STDERR_REDIRECT] 
2025-03-13 00:43:02,963 [ERROR] LogOutputStream:75 - [STDERR_REDIRECT] Mar 13, 2025 12:43:02 AM java.util.prefs.FileSystemPreferences checkLockFile0ErrorCode
2025-03-13 00:43:02,963 [ERROR] LogOutputStream:75 - [STDERR_REDIRECT] WARNING: Could not lock System prefs. Unix error code 2.
2025-03-13 00:43:02,963 [ERROR] LogOutputStream:75 - [STDERR_REDIRECT] 
2025-03-13 00:43:02,963 [ERROR] LogOutputStream:75 - [STDERR_REDIRECT] Mar 13, 2025 12:43:02 AM java.util.prefs.FileSystemPreferences syncWorld
2025-03-13 00:43:02,964 [ERROR] LogOutputStream:75 - [STDERR_REDIRECT] WARNING: Couldn't flush system prefs: java.util.prefs.BackingStoreException: Couldn't get file lock.
2025-03-13 00:43:02,964 [ERROR] LogOutputStream:75 - [STDERR_REDIRECT] 
2025-03-13 00:43:32,963 [ERROR] LogOutputStream:75 - [STDERR_REDIRECT] Mar 13, 2025 12:43:32 AM java.util.prefs.FileSystemPreferences checkLockFile0ErrorCode
2025-03-13 00:43:32,963 [ERROR] LogOutputStream:75 - [STDERR_REDIRECT] WARNING: Could not lock System prefs. Unix error code 2.
2025-03-13 00:43:32,963 [ERROR] LogOutputStream:75 - [STDERR_REDIRECT] 
2025-03-13 00:43:32,963 [ERROR] LogOutputStream:75 - [STDERR_REDIRECT] Mar 13, 2025 12:43:32 AM java.util.prefs.FileSystemPreferences syncWorld
2025-03-13 00:43:32,964 [ERROR] LogOutputStream:75 - [STDERR_REDIRECT] WARNING: Couldn't flush system prefs: java.util.prefs.BackingStoreException: Couldn't get file lock.
2025-03-13 00:43:32,964 [ERROR] LogOutputStream:75 - [STDERR_REDIRECT] 
2025-03-13 00:44:02,962 [ERROR] LogOutputStream:75 - [STDERR_REDIRECT] Mar 13, 2025 12:44:02 AM java.util.prefs.FileSystemPreferences checkLockFile0ErrorCode
2025-03-13 00:44:02,963 [ERROR] LogOutputStream:75 - [STDERR_REDIRECT] WARNING: Could not lock System prefs. Unix error code 2.
2025-03-13 00:44:02,963 [ERROR] LogOutputStream:75 - [STDERR_REDIRECT] 
2025-03-13 00:44:02,963 [ERROR] LogOutputStream:75 - [STDERR_REDIRECT] Mar 13, 2025 12:44:02 AM java.util.prefs.FileSystemPreferences syncWorld
2025-03-13 00:44:02,963 [ERROR] LogOutputStream:75 - [STDERR_REDIRECT] WARNING: Couldn't flush system prefs: java.util.prefs.BackingStoreException: Couldn't get file lock.
2025-03-13 00:44:02,963 [ERROR] LogOutputStream:75 - [STDERR_REDIRECT] 
2025-03-13 00:44:32,964 [ERROR] LogOutputStream:75 - [STDERR_REDIRECT] Mar 13, 2025 12:44:32 AM java.util.prefs.FileSystemPreferences checkLockFile0ErrorCode
2025-03-13 00:44:32,964 [ERROR] LogOutputStream:75 - [STDERR_REDIRECT] WARNING: Could not lock System prefs. Unix error code 2.
2025-03-13 00:44:32,964 [ERROR] LogOutputStream:75 - [STDERR_REDIRECT] 
2025-03-13 00:44:32,964 [ERROR] LogOutputStream:75 - [STDERR_REDIRECT] Mar 13, 2025 12:44:32 AM java.util.prefs.FileSystemPreferences syncWorld
2025-03-13 00:44:32,964 [ERROR] LogOutputStream:75 - [STDERR_REDIRECT] WARNING: Couldn't flush system prefs: java.util.prefs.BackingStoreException: Couldn't get file lock.
2025-03-13 00:44:32,965 [ERROR] LogOutputStream:75 - [STDERR_REDIRECT] 
2025-03-13 00:45:02,963 [ERROR] LogOutputStream:75 - [STDERR_REDIRECT] Mar 13, 2025 12:45:02 AM java.util.prefs.FileSystemPreferences checkLockFile0ErrorCode
2025-03-13 00:45:02,963 [ERROR] LogOutputStream:75 - [STDERR_REDIRECT] WARNING: Could not lock System prefs. Unix error code 2.
2025-03-13 00:45:02,963 [ERROR] LogOutputStream:75 - [STDERR_REDIRECT] 
2025-03-13 00:45:02,963 [ERROR] LogOutputStream:75 - [STDERR_REDIRECT] Mar 13, 2025 12:45:02 AM java.util.prefs.FileSystemPreferences syncWorld
2025-03-13 00:45:02,963 [ERROR] LogOutputStream:75 - [STDERR_REDIRECT] WARNING: Couldn't flush system prefs: java.util.prefs.BackingStoreException: Couldn't get file lock.
2025-03-13 00:45:02,963 [ERROR] LogOutputStream:75 - [STDERR_REDIRECT] 
2025-03-13 00:45:32,963 [ERROR] LogOutputStream:75 - [STDERR_REDIRECT] Mar 13, 2025 12:45:32 AM java.util.prefs.FileSystemPreferences checkLockFile0ErrorCode
2025-03-13 00:45:32,963 [ERROR] LogOutputStream:75 - [STDERR_REDIRECT] WARNING: Could not lock System prefs. Unix error code 2.
2025-03-13 00:45:32,963 [ERROR] LogOutputStream:75 - [STDERR_REDIRECT] 
2025-03-13 00:45:32,964 [ERROR] LogOutputStream:75 - [STDERR_REDIRECT] Mar 13, 2025 12:45:32 AM java.util.prefs.FileSystemPreferences syncWorld
2025-03-13 00:45:32,964 [ERROR] LogOutputStream:75 - [STDERR_REDIRECT] WARNING: Couldn't flush system prefs: java.util.prefs.BackingStoreException: Couldn't get file lock.
2025-03-13 00:45:32,964 [ERROR] LogOutputStream:75 - [STDERR_REDIRECT] 
2025-03-13 00:46:02,973 [ERROR] LogOutputStream:75 - [STDERR_REDIRECT] Mar 13, 2025 12:46:02 AM java.util.prefs.FileSystemPreferences checkLockFile0ErrorCode
2025-03-13 00:46:02,981 [ERROR] LogOutputStream:75 - [STDERR_REDIRECT] WARNING: Could not lock System prefs. Unix error code 2.
2025-03-13 00:46:02,981 [ERROR] LogOutputStream:75 - [STDERR_REDIRECT] 
2025-03-13 00:46:02,982 [ERROR] LogOutputStream:75 - [STDERR_REDIRECT] Mar 13, 2025 12:46:02 AM java.util.prefs.FileSystemPreferences syncWorld
2025-03-13 00:46:02,982 [ERROR] LogOutputStream:75 - [STDERR_REDIRECT] WARNING: Couldn't flush system prefs: java.util.prefs.BackingStoreException: Couldn't get file lock.
2025-03-13 00:46:02,982 [ERROR] LogOutputStream:75 - [STDERR_REDIRECT] 
2025-03-13 00:46:32,964 [ERROR] LogOutputStream:75 - [STDERR_REDIRECT] Mar 13, 2025 12:46:32 AM java.util.prefs.FileSystemPreferences checkLockFile0ErrorCode
2025-03-13 00:46:32,964 [ERROR] LogOutputStream:75 - [STDERR_REDIRECT] WARNING: Could not lock System prefs. Unix error code 2.
2025-03-13 00:46:32,964 [ERROR] LogOutputStream:75 - [STDERR_REDIRECT] 
2025-03-13 00:46:32,964 [ERROR] LogOutputStream:75 - [STDERR_REDIRECT] Mar 13, 2025 12:46:32 AM java.util.prefs.FileSystemPreferences syncWorld
2025-03-13 00:46:32,964 [ERROR] LogOutputStream:75 - [STDERR_REDIRECT] WARNING: Couldn't flush system prefs: java.util.prefs.BackingStoreException: Couldn't get file lock.
2025-03-13 00:46:32,964 [ERROR] LogOutputStream:75 - [STDERR_REDIRECT] 
2025-03-13 00:47:02,965 [ERROR] LogOutputStream:75 - [STDERR_REDIRECT] Mar 13, 2025 12:47:02 AM java.util.prefs.FileSystemPreferences checkLockFile0ErrorCode
2025-03-13 00:47:02,965 [ERROR] LogOutputStream:75 - [STDERR_REDIRECT] WARNING: Could not lock System prefs. Unix error code 2.
2025-03-13 00:47:02,965 [ERROR] LogOutputStream:75 - [STDERR_REDIRECT] 
2025-03-13 00:47:02,966 [ERROR] LogOutputStream:75 - [STDERR_REDIRECT] Mar 13, 2025 12:47:02 AM java.util.prefs.FileSystemPreferences syncWorld
2025-03-13 00:47:02,966 [ERROR] LogOutputStream:75 - [STDERR_REDIRECT] WARNING: Couldn't flush system prefs: java.util.prefs.BackingStoreException: Couldn't get file lock.
2025-03-13 00:47:02,966 [ERROR] LogOutputStream:75 - [STDERR_REDIRECT] 
2025-03-13 00:47:32,965 [ERROR] LogOutputStream:75 - [STDERR_REDIRECT] Mar 13, 2025 12:47:32 AM java.util.prefs.FileSystemPreferences checkLockFile0ErrorCode
2025-03-13 00:47:32,965 [ERROR] LogOutputStream:75 - [STDERR_REDIRECT] WARNING: Could not lock System prefs. Unix error code 2.
2025-03-13 00:47:32,966 [ERROR] LogOutputStream:75 - [STDERR_REDIRECT] 
2025-03-13 00:47:32,966 [ERROR] LogOutputStream:75 - [STDERR_REDIRECT] Mar 13, 2025 12:47:32 AM java.util.prefs.FileSystemPreferences syncWorld
2025-03-13 00:47:32,966 [ERROR] LogOutputStream:75 - [STDERR_REDIRECT] WARNING: Couldn't flush system prefs: java.util.prefs.BackingStoreException: Couldn't get file lock.
2025-03-13 00:47:32,966 [ERROR] LogOutputStream:75 - [STDERR_REDIRECT] 
2025-03-13 00:48:02,975 [ERROR] LogOutputStream:75 - [STDERR_REDIRECT] Mar 13, 2025 12:48:02 AM java.util.prefs.FileSystemPreferences checkLockFile0ErrorCode
2025-03-13 00:48:02,983 [ERROR] LogOutputStream:75 - [STDERR_REDIRECT] WARNING: Could not lock System prefs. Unix error code 2.
2025-03-13 00:48:02,983 [ERROR] LogOutputStream:75 - [STDERR_REDIRECT] 
2025-03-13 00:48:02,983 [ERROR] LogOutputStream:75 - [STDERR_REDIRECT] Mar 13, 2025 12:48:02 AM java.util.prefs.FileSystemPreferences syncWorld
2025-03-13 00:48:02,984 [ERROR] LogOutputStream:75 - [STDERR_REDIRECT] WARNING: Couldn't flush system prefs: java.util.prefs.BackingStoreException: Couldn't get file lock.
2025-03-13 00:48:02,984 [ERROR] LogOutputStream:75 - [STDERR_REDIRECT] 
2025-03-13 00:48:32,975 [ERROR] LogOutputStream:75 - [STDERR_REDIRECT] Mar 13, 2025 12:48:32 AM java.util.prefs.FileSystemPreferences checkLockFile0ErrorCode
2025-03-13 00:48:32,975 [ERROR] LogOutputStream:75 - [STDERR_REDIRECT] WARNING: Could not lock System prefs. Unix error code 2.
2025-03-13 00:48:32,975 [ERROR] LogOutputStream:75 - [STDERR_REDIRECT] 
2025-03-13 00:48:32,976 [ERROR] LogOutputStream:75 - [STDERR_REDIRECT] Mar 13, 2025 12:48:32 AM java.util.prefs.FileSystemPreferences syncWorld
2025-03-13 00:48:32,976 [ERROR] LogOutputStream:75 - [STDERR_REDIRECT] WARNING: Couldn't flush system prefs: java.util.prefs.BackingStoreException: Couldn't get file lock.
2025-03-13 00:48:32,976 [ERROR] LogOutputStream:75 - [STDERR_REDIRECT] 
2025-03-13 00:49:02,972 [ERROR] LogOutputStream:75 - [STDERR_REDIRECT] Mar 13, 2025 12:49:02 AM java.util.prefs.FileSystemPreferences checkLockFile0ErrorCode
2025-03-13 00:49:02,973 [ERROR] LogOutputStream:75 - [STDERR_REDIRECT] WARNING: Could not lock System prefs. Unix error code 2.
2025-03-13 00:49:02,973 [ERROR] LogOutputStream:75 - [STDERR_REDIRECT] 
2025-03-13 00:49:02,973 [ERROR] LogOutputStream:75 - [STDERR_REDIRECT] Mar 13, 2025 12:49:02 AM java.util.prefs.FileSystemPreferences syncWorld
2025-03-13 00:49:02,973 [ERROR] LogOutputStream:75 - [STDERR_REDIRECT] WARNING: Couldn't flush system prefs: java.util.prefs.BackingStoreException: Couldn't get file lock.
2025-03-13 00:49:02,973 [ERROR] LogOutputStream:75 - [STDERR_REDIRECT] 
2025-03-13 00:49:32,967 [ERROR] LogOutputStream:75 - [STDERR_REDIRECT] Mar 13, 2025 12:49:32 AM java.util.prefs.FileSystemPreferences checkLockFile0ErrorCode
2025-03-13 00:49:32,967 [ERROR] LogOutputStream:75 - [STDERR_REDIRECT] WARNING: Could not lock System prefs. Unix error code 2.
2025-03-13 00:49:32,967 [ERROR] LogOutputStream:75 - [STDERR_REDIRECT] 
2025-03-13 00:49:32,968 [ERROR] LogOutputStream:75 - [STDERR_REDIRECT] Mar 13, 2025 12:49:32 AM java.util.prefs.FileSystemPreferences syncWorld
2025-03-13 00:49:32,968 [ERROR] LogOutputStream:75 - [STDERR_REDIRECT] WARNING: Couldn't flush system prefs: java.util.prefs.BackingStoreException: Couldn't get file lock.
2025-03-13 00:49:32,968 [ERROR] LogOutputStream:75 - [STDERR_REDIRECT] 
2025-03-13 00:50:02,979 [ERROR] LogOutputStream:75 - [STDERR_REDIRECT] Mar 13, 2025 12:50:02 AM java.util.prefs.FileSystemPreferences checkLockFile0ErrorCode
2025-03-13 00:50:02,979 [ERROR] LogOutputStream:75 - [STDERR_REDIRECT] WARNING: Could not lock System prefs. Unix error code 2.
2025-03-13 00:50:02,979 [ERROR] LogOutputStream:75 - [STDERR_REDIRECT] 
2025-03-13 00:50:02,980 [ERROR] LogOutputStream:75 - [STDERR_REDIRECT] Mar 13, 2025 12:50:02 AM java.util.prefs.FileSystemPreferences syncWorld
2025-03-13 00:50:02,980 [ERROR] LogOutputStream:75 - [STDERR_REDIRECT] WARNING: Couldn't flush system prefs: java.util.prefs.BackingStoreException: Couldn't get file lock.
2025-03-13 00:50:02,980 [ERROR] LogOutputStream:75 - [STDERR_REDIRECT] 
2025-03-13 00:50:32,967 [ERROR] LogOutputStream:75 - [STDERR_REDIRECT] Mar 13, 2025 12:50:32 AM java.util.prefs.FileSystemPreferences checkLockFile0ErrorCode
2025-03-13 00:50:32,967 [ERROR] LogOutputStream:75 - [STDERR_REDIRECT] WARNING: Could not lock System prefs. Unix error code 2.
2025-03-13 00:50:32,967 [ERROR] LogOutputStream:75 - [STDERR_REDIRECT] 
2025-03-13 00:50:32,967 [ERROR] LogOutputStream:75 - [STDERR_REDIRECT] Mar 13, 2025 12:50:32 AM java.util.prefs.FileSystemPreferences syncWorld
2025-03-13 00:50:32,967 [ERROR] LogOutputStream:75 - [STDERR_REDIRECT] WARNING: Couldn't flush system prefs: java.util.prefs.BackingStoreException: Couldn't get file lock.
2025-03-13 00:50:32,967 [ERROR] LogOutputStream:75 - [STDERR_REDIRECT] 
2025-03-13 00:51:02,966 [ERROR] LogOutputStream:75 - [STDERR_REDIRECT] Mar 13, 2025 12:51:02 AM java.util.prefs.FileSystemPreferences checkLockFile0ErrorCode
2025-03-13 00:51:02,973 [ERROR] LogOutputStream:75 - [STDERR_REDIRECT] WARNING: Could not lock System prefs. Unix error code 2.
2025-03-13 00:51:02,973 [ERROR] LogOutputStream:75 - [STDERR_REDIRECT] 
2025-03-13 00:51:02,974 [ERROR] LogOutputStream:75 - [STDERR_REDIRECT] Mar 13, 2025 12:51:02 AM java.util.prefs.FileSystemPreferences syncWorld
2025-03-13 00:51:02,974 [ERROR] LogOutputStream:75 - [STDERR_REDIRECT] WARNING: Couldn't flush system prefs: java.util.prefs.BackingStoreException: Couldn't get file lock.
2025-03-13 00:51:02,974 [ERROR] LogOutputStream:75 - [STDERR_REDIRECT] 
2025-03-13 00:51:32,965 [ERROR] LogOutputStream:75 - [STDERR_REDIRECT] Mar 13, 2025 12:51:32 AM java.util.prefs.FileSystemPreferences checkLockFile0ErrorCode
2025-03-13 00:51:32,965 [ERROR] LogOutputStream:75 - [STDERR_REDIRECT] WARNING: Could not lock System prefs. Unix error code 2.
2025-03-13 00:51:32,965 [ERROR] LogOutputStream:75 - [STDERR_REDIRECT] 
2025-03-13 00:51:32,965 [ERROR] LogOutputStream:75 - [STDERR_REDIRECT] Mar 13, 2025 12:51:32 AM java.util.prefs.FileSystemPreferences syncWorld
2025-03-13 00:51:32,965 [ERROR] LogOutputStream:75 - [STDERR_REDIRECT] WARNING: Couldn't flush system prefs: java.util.prefs.BackingStoreException: Couldn't get file lock.
2025-03-13 00:51:32,965 [ERROR] LogOutputStream:75 - [STDERR_REDIRECT] 
2025-03-13 00:52:02,966 [ERROR] LogOutputStream:75 - [STDERR_REDIRECT] Mar 13, 2025 12:52:02 AM java.util.prefs.FileSystemPreferences checkLockFile0ErrorCode
2025-03-13 00:52:02,966 [ERROR] LogOutputStream:75 - [STDERR_REDIRECT] WARNING: Could not lock System prefs. Unix error code 2.
2025-03-13 00:52:02,966 [ERROR] LogOutputStream:75 - [STDERR_REDIRECT] 
2025-03-13 00:52:02,966 [ERROR] LogOutputStream:75 - [STDERR_REDIRECT] Mar 13, 2025 12:52:02 AM java.util.prefs.FileSystemPreferences syncWorld
2025-03-13 00:52:02,967 [ERROR] LogOutputStream:75 - [STDERR_REDIRECT] WARNING: Couldn't flush system prefs: java.util.prefs.BackingStoreException: Couldn't get file lock.
2025-03-13 00:52:02,967 [ERROR] LogOutputStream:75 - [STDERR_REDIRECT] 
2025-03-13 00:52:32,974 [ERROR] LogOutputStream:75 - [STDERR_REDIRECT] Mar 13, 2025 12:52:32 AM java.util.prefs.FileSystemPreferences checkLockFile0ErrorCode
2025-03-13 00:52:32,982 [ERROR] LogOutputStream:75 - [STDERR_REDIRECT] WARNING: Could not lock System prefs. Unix error code 2.
2025-03-13 00:52:32,982 [ERROR] LogOutputStream:75 - [STDERR_REDIRECT] 
2025-03-13 00:52:32,983 [ERROR] LogOutputStream:75 - [STDERR_REDIRECT] Mar 13, 2025 12:52:32 AM java.util.prefs.FileSystemPreferences syncWorld
2025-03-13 00:52:32,983 [ERROR] LogOutputStream:75 - [STDERR_REDIRECT] WARNING: Couldn't flush system prefs: java.util.prefs.BackingStoreException: Couldn't get file lock.
2025-03-13 00:52:32,983 [ERROR] LogOutputStream:75 - [STDERR_REDIRECT] 
2025-03-13 00:53:02,986 [ERROR] LogOutputStream:75 - [STDERR_REDIRECT] Mar 13, 2025 12:53:02 AM java.util.prefs.FileSystemPreferences checkLockFile0ErrorCode
2025-03-13 00:53:02,993 [ERROR] LogOutputStream:75 - [STDERR_REDIRECT] WARNING: Could not lock System prefs. Unix error code 2.
2025-03-13 00:53:02,993 [ERROR] LogOutputStream:75 - [STDERR_REDIRECT] 
2025-03-13 00:53:02,994 [ERROR] LogOutputStream:75 - [STDERR_REDIRECT] Mar 13, 2025 12:53:02 AM java.util.prefs.FileSystemPreferences syncWorld
2025-03-13 00:53:02,994 [ERROR] LogOutputStream:75 - [STDERR_REDIRECT] WARNING: Couldn't flush system prefs: java.util.prefs.BackingStoreException: Couldn't get file lock.
2025-03-13 00:53:02,994 [ERROR] LogOutputStream:75 - [STDERR_REDIRECT] 
2025-03-13 00:53:32,965 [ERROR] LogOutputStream:75 - [STDERR_REDIRECT] Mar 13, 2025 12:53:32 AM java.util.prefs.FileSystemPreferences checkLockFile0ErrorCode
2025-03-13 00:53:32,966 [ERROR] LogOutputStream:75 - [STDERR_REDIRECT] WARNING: Could not lock System prefs. Unix error code 2.
2025-03-13 00:53:32,966 [ERROR] LogOutputStream:75 - [STDERR_REDIRECT] 
2025-03-13 00:53:32,966 [ERROR] LogOutputStream:75 - [STDERR_REDIRECT] Mar 13, 2025 12:53:32 AM java.util.prefs.FileSystemPreferences syncWorld
2025-03-13 00:53:32,966 [ERROR] LogOutputStream:75 - [STDERR_REDIRECT] WARNING: Couldn't flush system prefs: java.util.prefs.BackingStoreException: Couldn't get file lock.
2025-03-13 00:53:32,966 [ERROR] LogOutputStream:75 - [STDERR_REDIRECT] 
2025-03-13 00:53:49,825 [ERROR] LogOutputStream:75 - [STDERR_REDIRECT] 
2025-03-13 00:53:49,826 [ERROR] LogOutputStream:75 - [STDERR_REDIRECT] 
