12:19:13 **** Incremental Build of configuration Debug for project Screen ****
make -j8 all 
arm-none-eabi-gcc "../Drivers/BSP/STM32746G-Discovery/stm32746g_discovery.c" -mcpu=cortex-m7 -std=gnu11 -g3 -DDEBUG -DUSE_HAL_DRIVER -DSTM32F746xx -c -I../Core/Inc -I../Drivers/STM32F7xx_HAL_Driver/Inc -I../Drivers/STM32F7xx_HAL_Driver/Inc/Legacy -I../Drivers/CMSIS/Device/ST/STM32F7xx/Include -I../Drivers/CMSIS/Include -I../Drivers/BSP/STM32746G-Discovery -I../Drivers/PSB/Components -I../Utilities/Fonts -O0 -ffunction-sections -fdata-sections -Wall -fstack-usage -fcyclomatic-complexity -MMD -MP -MF"Drivers/BSP/STM32746G-Discovery/stm32746g_discovery.d" -MT"Drivers/BSP/STM32746G-Discovery/stm32746g_discovery.o" --specs=nano.specs -mfpu=fpv5-sp-d16 -mfloat-abi=hard -mthumb -o "Drivers/BSP/STM32746G-Discovery/stm32746g_discovery.o"
arm-none-eabi-gcc "../Drivers/BSP/STM32746G-Discovery/stm32746g_discovery_lcd.c" -mcpu=cortex-m7 -std=gnu11 -g3 -DDEBUG -DUSE_HAL_DRIVER -DSTM32F746xx -c -I../Core/Inc -I../Drivers/STM32F7xx_HAL_Driver/Inc -I../Drivers/STM32F7xx_HAL_Driver/Inc/Legacy -I../Drivers/CMSIS/Device/ST/STM32F7xx/Include -I../Drivers/CMSIS/Include -I../Drivers/BSP/STM32746G-Discovery -I../Drivers/PSB/Components -I../Utilities/Fonts -O0 -ffunction-sections -fdata-sections -Wall -fstack-usage -fcyclomatic-complexity -MMD -MP -MF"Drivers/BSP/STM32746G-Discovery/stm32746g_discovery_lcd.d" -MT"Drivers/BSP/STM32746G-Discovery/stm32746g_discovery_lcd.o" --specs=nano.specs -mfpu=fpv5-sp-d16 -mfloat-abi=hard -mthumb -o "Drivers/BSP/STM32746G-Discovery/stm32746g_discovery_lcd.o"
arm-none-eabi-gcc "../Drivers/BSP/STM32746G-Discovery/stm32746g_discovery_sdram.c" -mcpu=cortex-m7 -std=gnu11 -g3 -DDEBUG -DUSE_HAL_DRIVER -DSTM32F746xx -c -I../Core/Inc -I../Drivers/STM32F7xx_HAL_Driver/Inc -I../Drivers/STM32F7xx_HAL_Driver/Inc/Legacy -I../Drivers/CMSIS/Device/ST/STM32F7xx/Include -I../Drivers/CMSIS/Include -I../Drivers/BSP/STM32746G-Discovery -I../Drivers/PSB/Components -I../Utilities/Fonts -O0 -ffunction-sections -fdata-sections -Wall -fstack-usage -fcyclomatic-complexity -MMD -MP -MF"Drivers/BSP/STM32746G-Discovery/stm32746g_discovery_sdram.d" -MT"Drivers/BSP/STM32746G-Discovery/stm32746g_discovery_sdram.o" --specs=nano.specs -mfpu=fpv5-sp-d16 -mfloat-abi=hard -mthumb -o "Drivers/BSP/STM32746G-Discovery/stm32746g_discovery_sdram.o"
arm-none-eabi-gcc "../Core/Src/main.c" -mcpu=cortex-m7 -std=gnu11 -g3 -DDEBUG -DUSE_HAL_DRIVER -DSTM32F746xx -c -I../Core/Inc -I../Drivers/STM32F7xx_HAL_Driver/Inc -I../Drivers/STM32F7xx_HAL_Driver/Inc/Legacy -I../Drivers/CMSIS/Device/ST/STM32F7xx/Include -I../Drivers/CMSIS/Include -I../Drivers/BSP/STM32746G-Discovery -I../Drivers/PSB/Components -I../Utilities/Fonts -O0 -ffunction-sections -fdata-sections -Wall -fstack-usage -fcyclomatic-complexity -MMD -MP -MF"Core/Src/main.d" -MT"Core/Src/main.o" --specs=nano.specs -mfpu=fpv5-sp-d16 -mfloat-abi=hard -mthumb -o "Core/Src/main.o"
arm-none-eabi-gcc "../Core/Src/stm32f7xx_hal_msp.c" -mcpu=cortex-m7 -std=gnu11 -g3 -DDEBUG -DUSE_HAL_DRIVER -DSTM32F746xx -c -I../Core/Inc -I../Drivers/STM32F7xx_HAL_Driver/Inc -I../Drivers/STM32F7xx_HAL_Driver/Inc/Legacy -I../Drivers/CMSIS/Device/ST/STM32F7xx/Include -I../Drivers/CMSIS/Include -I../Drivers/BSP/STM32746G-Discovery -I../Drivers/PSB/Components -I../Utilities/Fonts -O0 -ffunction-sections -fdata-sections -Wall -fstack-usage -fcyclomatic-complexity -MMD -MP -MF"Core/Src/stm32f7xx_hal_msp.d" -MT"Core/Src/stm32f7xx_hal_msp.o" --specs=nano.specs -mfpu=fpv5-sp-d16 -mfloat-abi=hard -mthumb -o "Core/Src/stm32f7xx_hal_msp.o"
arm-none-eabi-gcc "../Core/Src/stm32f7xx_it.c" -mcpu=cortex-m7 -std=gnu11 -g3 -DDEBUG -DUSE_HAL_DRIVER -DSTM32F746xx -c -I../Core/Inc -I../Drivers/STM32F7xx_HAL_Driver/Inc -I../Drivers/STM32F7xx_HAL_Driver/Inc/Legacy -I../Drivers/CMSIS/Device/ST/STM32F7xx/Include -I../Drivers/CMSIS/Include -I../Drivers/BSP/STM32746G-Discovery -I../Drivers/PSB/Components -I../Utilities/Fonts -O0 -ffunction-sections -fdata-sections -Wall -fstack-usage -fcyclomatic-complexity -MMD -MP -MF"Core/Src/stm32f7xx_it.d" -MT"Core/Src/stm32f7xx_it.o" --specs=nano.specs -mfpu=fpv5-sp-d16 -mfloat-abi=hard -mthumb -o "Core/Src/stm32f7xx_it.o"
arm-none-eabi-gcc "../Core/Src/system_stm32f7xx.c" -mcpu=cortex-m7 -std=gnu11 -g3 -DDEBUG -DUSE_HAL_DRIVER -DSTM32F746xx -c -I../Core/Inc -I../Drivers/STM32F7xx_HAL_Driver/Inc -I../Drivers/STM32F7xx_HAL_Driver/Inc/Legacy -I../Drivers/CMSIS/Device/ST/STM32F7xx/Include -I../Drivers/CMSIS/Include -I../Drivers/BSP/STM32746G-Discovery -I../Drivers/PSB/Components -I../Utilities/Fonts -O0 -ffunction-sections -fdata-sections -Wall -fstack-usage -fcyclomatic-complexity -MMD -MP -MF"Core/Src/system_stm32f7xx.d" -MT"Core/Src/system_stm32f7xx.o" --specs=nano.specs -mfpu=fpv5-sp-d16 -mfloat-abi=hard -mthumb -o "Core/Src/system_stm32f7xx.o"
In file included from ../Core/Src/main.c:20:
../Core/Inc/main.h:30:10: fatal error: stm32f7xx_hal.h: No such file or directory
   30 | #include "stm32f7xx_hal.h"
      |          ^~~~~~~~~~~~~~~~~
compilation terminated.
In file included from ../Drivers/BSP/STM32746G-Discovery/stm32746g_discovery.c:29:
../Drivers/BSP/STM32746G-Discovery/stm32746g_discovery.h:33:10: fatal error: stm32f7xx_hal.h: No such file or directory
   33 | #include "stm32f7xx_hal.h"
      |          ^~~~~~~~~~~~~~~~~
compilation terminated.
In file included from ../Drivers/BSP/STM32746G-Discovery/stm32746g_discovery_sdram.c:71:
../Drivers/BSP/STM32746G-Discovery/stm32746g_discovery_sdram.h:29:10: fatal error: stm32f7xx_hal.h: No such file or directory
   29 | #include "stm32f7xx_hal.h"
      |          ^~~~~~~~~~~~~~~~~
compilation terminated.
In file included from ../Core/Src/stm32f7xx_hal_msp.c:23:
../Core/Inc/main.h:30:10: fatal error: stm32f7xx_hal.h: No such file or directory
   30 | #include "stm32f7xx_hal.h"
      |          ^~~~~~~~~~~~~~~~~
compilation terminated.
In file included from ../Core/Src/stm32f7xx_it.c:21:
../Core/Inc/main.h:30:10: fatal error: stm32f7xx_hal.h: No such file or directory
   30 | #include "stm32f7xx_hal.h"
      |          ^~~~~~~~~~~~~~~~~
compilation terminated.
In file included from ../Drivers/BSP/STM32746G-Discovery/stm32746g_discovery_lcd.h:34,
                 from ../Drivers/BSP/STM32746G-Discovery/stm32746g_discovery_lcd.c:73:
../Drivers/BSP/STM32746G-Discovery/stm32746g_discovery_sdram.h:29:10: fatal error: stm32f7xx_hal.h: No such file or directory
   29 | #include "stm32f7xx_hal.h"
      |          ^~~~~~~~~~~~~~~~~
compilation terminated.
make: *** [Drivers/BSP/STM32746G-Discovery/subdir.mk:25: Drivers/BSP/STM32746G-Discovery/stm32746g_discovery_sdram.o] Error 1
make: *** Waiting for unfinished jobs....
make: *** [Core/Src/subdir.mk:34: Core/Src/stm32f7xx_hal_msp.o] Error 1
make: *** [Core/Src/subdir.mk:34: Core/Src/stm32f7xx_it.o] Error 1
make: *** [Core/Src/subdir.mk:34: Core/Src/main.o] Error 1
make: *** [Drivers/BSP/STM32746G-Discovery/subdir.mk:25: Drivers/BSP/STM32746G-Discovery/stm32746g_discovery.o] Error 1
make: *** [Drivers/BSP/STM32746G-Discovery/subdir.mk:25: Drivers/BSP/STM32746G-Discovery/stm32746g_discovery_lcd.o] Error 1
In file included from ../Core/Src/system_stm32f7xx.c:47:
../Drivers/CMSIS/Device/ST/STM32F7xx/Include/stm32f7xx.h:257:11: fatal error: stm32f7xx_hal.h: No such file or directory
  257 |  #include "stm32f7xx_hal.h"
      |           ^~~~~~~~~~~~~~~~~
compilation terminated.
make: *** [Core/Src/subdir.mk:34: Core/Src/system_stm32f7xx.o] Error 1
"make -j8 all" terminated with exit code 2. Build might be incomplete.

12:19:13 Build Failed. 15 errors, 0 warnings. (took 339ms)

